train.py  --name  1class-resnet-horse_small-lr005bs16  --dataroot  dataset/  --classes  horse_small  --batch_size  16  --delr_freq  10  --lr  0.005  --niter  20
==================== requires_grad Ture weight1
==================== requires_grad Ture bias1
==================== requires_grad Ture weight2
==================== requires_grad Ture bias2
==================== requires_grad Ture weight3
==================== requires_grad Ture bias3
==================== requires_grad Ture weight4
==================== requires_grad Ture bias4
==================== requires_grad Ture realconv1.weight
==================== requires_grad Ture imagconv1.weight
==================== requires_grad Ture realconv2.weight
==================== requires_grad Ture imagconv2.weight
==================== requires_grad Ture realconv3.weight
==================== requires_grad Ture imagconv3.weight
==================== requires_grad Ture realconv4.weight
==================== requires_grad Ture imagconv4.weight
==================== requires_grad Ture layer1.0.conv1.weight
==================== requires_grad Ture layer1.0.bn1.weight
==================== requires_grad Ture layer1.0.bn1.bias
==================== requires_grad Ture layer1.0.conv2.weight
==================== requires_grad Ture layer1.0.bn2.weight
==================== requires_grad Ture layer1.0.bn2.bias
==================== requires_grad Ture layer1.0.conv3.weight
==================== requires_grad Ture layer1.0.bn3.weight
==================== requires_grad Ture layer1.0.bn3.bias
==================== requires_grad Ture layer1.0.downsample.0.weight
==================== requires_grad Ture layer1.0.downsample.1.weight
==================== requires_grad Ture layer1.0.downsample.1.bias
==================== requires_grad Ture layer1.1.conv1.weight
==================== requires_grad Ture layer1.1.bn1.weight
==================== requires_grad Ture layer1.1.bn1.bias
==================== requires_grad Ture layer1.1.conv2.weight
==================== requires_grad Ture layer1.1.bn2.weight
==================== requires_grad Ture layer1.1.bn2.bias
==================== requires_grad Ture layer1.1.conv3.weight
==================== requires_grad Ture layer1.1.bn3.weight
==================== requires_grad Ture layer1.1.bn3.bias
==================== requires_grad Ture layer1.2.conv1.weight
==================== requires_grad Ture layer1.2.bn1.weight
==================== requires_grad Ture layer1.2.bn1.bias
==================== requires_grad Ture layer1.2.conv2.weight
==================== requires_grad Ture layer1.2.bn2.weight
==================== requires_grad Ture layer1.2.bn2.bias
==================== requires_grad Ture layer1.2.conv3.weight
==================== requires_grad Ture layer1.2.bn3.weight
==================== requires_grad Ture layer1.2.bn3.bias
==================== requires_grad Ture layer2.0.conv1.weight
==================== requires_grad Ture layer2.0.bn1.weight
==================== requires_grad Ture layer2.0.bn1.bias
==================== requires_grad Ture layer2.0.conv2.weight
==================== requires_grad Ture layer2.0.bn2.weight
==================== requires_grad Ture layer2.0.bn2.bias
==================== requires_grad Ture layer2.0.conv3.weight
==================== requires_grad Ture layer2.0.bn3.weight
==================== requires_grad Ture layer2.0.bn3.bias
==================== requires_grad Ture layer2.0.downsample.0.weight
==================== requires_grad Ture layer2.0.downsample.1.weight
==================== requires_grad Ture layer2.0.downsample.1.bias
==================== requires_grad Ture layer2.1.conv1.weight
==================== requires_grad Ture layer2.1.bn1.weight
==================== requires_grad Ture layer2.1.bn1.bias
==================== requires_grad Ture layer2.1.conv2.weight
==================== requires_grad Ture layer2.1.bn2.weight
==================== requires_grad Ture layer2.1.bn2.bias
==================== requires_grad Ture layer2.1.conv3.weight
==================== requires_grad Ture layer2.1.bn3.weight
==================== requires_grad Ture layer2.1.bn3.bias
==================== requires_grad Ture layer2.2.conv1.weight
==================== requires_grad Ture layer2.2.bn1.weight
==================== requires_grad Ture layer2.2.bn1.bias
==================== requires_grad Ture layer2.2.conv2.weight
==================== requires_grad Ture layer2.2.bn2.weight
==================== requires_grad Ture layer2.2.bn2.bias
==================== requires_grad Ture layer2.2.conv3.weight
==================== requires_grad Ture layer2.2.bn3.weight
==================== requires_grad Ture layer2.2.bn3.bias
==================== requires_grad Ture layer2.3.conv1.weight
==================== requires_grad Ture layer2.3.bn1.weight
==================== requires_grad Ture layer2.3.bn1.bias
==================== requires_grad Ture layer2.3.conv2.weight
==================== requires_grad Ture layer2.3.bn2.weight
==================== requires_grad Ture layer2.3.bn2.bias
==================== requires_grad Ture layer2.3.conv3.weight
==================== requires_grad Ture layer2.3.bn3.weight
==================== requires_grad Ture layer2.3.bn3.bias
==================== requires_grad Ture fc1.weight
==================== requires_grad Ture fc1.bias

cwd: /mnt/c/Users/ramy_/College/Computer_Vision-CS7GV1/Project/FreqNet-DeepfakeDetection
Epoch 0 started at 2026_01_09_06_44_29
True 0 NVIDIA GeForce RTX 5070 Laptop GPU
epoch_iter=16
epoch_iter=32
epoch_iter=48
epoch_iter=64
epoch_iter=80
epoch_iter=96
epoch_iter=112
epoch_iter=128
epoch_iter=144
epoch_iter=160
epoch_iter=176
epoch_iter=192
epoch_iter=208
epoch_iter=224
epoch_iter=240
epoch_iter=256
epoch_iter=272
epoch_iter=288
epoch_iter=304
epoch_iter=320
epoch_iter=336
epoch_iter=352
epoch_iter=368
epoch_iter=384
epoch_iter=400
epoch_iter=416
epoch_iter=432
epoch_iter=448
epoch_iter=464
epoch_iter=480
epoch_iter=496
epoch_iter=512
epoch_iter=528
epoch_iter=544
epoch_iter=560
epoch_iter=576
epoch_iter=592
epoch_iter=608
epoch_iter=624
epoch_iter=640
epoch_iter=656
epoch_iter=672
epoch_iter=688
epoch_iter=704
epoch_iter=720
epoch_iter=736
epoch_iter=752
epoch_iter=768
epoch_iter=784
epoch_iter=800
epoch_iter=816
epoch_iter=832
epoch_iter=848
epoch_iter=864
epoch_iter=880
epoch_iter=896
epoch_iter=912
epoch_iter=928
epoch_iter=944
epoch_iter=960
epoch_iter=976
epoch_iter=992
epoch_iter=1008
epoch_iter=1024
epoch_iter=1040
epoch_iter=1056
epoch_iter=1072
epoch_iter=1088
epoch_iter=1104
epoch_iter=1120
epoch_iter=1136
epoch_iter=1152
epoch_iter=1168
epoch_iter=1184
epoch_iter=1200
epoch_iter=1216
epoch_iter=1232
epoch_iter=1248
epoch_iter=1264
epoch_iter=1280
epoch_iter=1296
epoch_iter=1312
epoch_iter=1328
epoch_iter=1344
epoch_iter=1360
epoch_iter=1376
epoch_iter=1392
epoch_iter=1408
epoch_iter=1424
epoch_iter=1440
epoch_iter=1456
epoch_iter=1472
epoch_iter=1488
epoch_iter=1504
epoch_iter=1520
epoch_iter=1536
epoch_iter=1552
epoch_iter=1568
epoch_iter=1584
epoch_iter=1600
epoch_iter=1616
epoch_iter=1632
epoch_iter=1648
epoch_iter=1664
epoch_iter=1680
epoch_iter=1696
epoch_iter=1712
epoch_iter=1728
epoch_iter=1744
epoch_iter=1760
epoch_iter=1776
epoch_iter=1792
epoch_iter=1808
epoch_iter=1824
epoch_iter=1840
epoch_iter=1856
epoch_iter=1872
epoch_iter=1888
epoch_iter=1904
epoch_iter=1920
epoch_iter=1936
epoch_iter=1952
epoch_iter=1968
epoch_iter=1984
epoch_iter=2000
epoch_iter=2016
epoch_iter=2032
epoch_iter=2048
epoch_iter=2064
epoch_iter=2080
epoch_iter=2096
epoch_iter=2112
epoch_iter=2128
epoch_iter=2144
epoch_iter=2160
epoch_iter=2176
epoch_iter=2192
epoch_iter=2208
epoch_iter=2224
epoch_iter=2240
epoch_iter=2256
epoch_iter=2272
epoch_iter=2288
epoch_iter=2304
epoch_iter=2320
epoch_iter=2336
epoch_iter=2352
epoch_iter=2368
epoch_iter=2384
epoch_iter=2400
epoch_iter=2416
epoch_iter=2432
epoch_iter=2448
epoch_iter=2464
epoch_iter=2480
epoch_iter=2496
epoch_iter=2512
epoch_iter=2528
epoch_iter=2544
epoch_iter=2560
epoch_iter=2576
epoch_iter=2592
epoch_iter=2608
epoch_iter=2624
epoch_iter=2640
epoch_iter=2656
epoch_iter=2672
epoch_iter=2688
epoch_iter=2704
epoch_iter=2720
epoch_iter=2736
epoch_iter=2752
epoch_iter=2768
epoch_iter=2784
epoch_iter=2800
epoch_iter=2816
epoch_iter=2832
epoch_iter=2848
epoch_iter=2864
epoch_iter=2880
epoch_iter=2896
epoch_iter=2912
epoch_iter=2928
epoch_iter=2944
epoch_iter=2960
epoch_iter=2976
epoch_iter=2992
epoch_iter=3008
epoch_iter=3024
epoch_iter=3040
epoch_iter=3056
epoch_iter=3072
epoch_iter=3088
epoch_iter=3104
epoch_iter=3120
epoch_iter=3136
epoch_iter=3152
epoch_iter=3168
epoch_iter=3184
epoch_iter=3200
epoch_iter=3216
epoch_iter=3232
epoch_iter=3248
epoch_iter=3264
epoch_iter=3280
epoch_iter=3296
epoch_iter=3312
epoch_iter=3328
epoch_iter=3344
epoch_iter=3360
epoch_iter=3376
epoch_iter=3392
epoch_iter=3408
epoch_iter=3424
epoch_iter=3440
epoch_iter=3456
epoch_iter=3472
epoch_iter=3488
epoch_iter=3504
epoch_iter=3520
epoch_iter=3536
epoch_iter=3552
epoch_iter=3568
epoch_iter=3584
epoch_iter=3600
Epoch 0 finished at 2026_01_09_06_45_59
(Val @ epoch 0) acc: 0.5175; ap: 0.5526980490005905
Saving model ./checkpoints/1class-resnet-horse_small-lr005bs162026_01_09_06_44_29/model_epoch_0.pth
Epoch 1 started at 2026_01_09_06_46_03
True 0 NVIDIA GeForce RTX 5070 Laptop GPU
epoch_iter=16
epoch_iter=32
epoch_iter=48
epoch_iter=64
epoch_iter=80
epoch_iter=96
epoch_iter=112
epoch_iter=128
epoch_iter=144
epoch_iter=160
epoch_iter=176
epoch_iter=192
epoch_iter=208
epoch_iter=224
epoch_iter=240
epoch_iter=256
epoch_iter=272
epoch_iter=288
epoch_iter=304
epoch_iter=320
epoch_iter=336
epoch_iter=352
epoch_iter=368
epoch_iter=384
epoch_iter=400
epoch_iter=416
epoch_iter=432
epoch_iter=448
epoch_iter=464
epoch_iter=480
epoch_iter=496
epoch_iter=512
epoch_iter=528
epoch_iter=544
epoch_iter=560
epoch_iter=576
epoch_iter=592
epoch_iter=608
epoch_iter=624
epoch_iter=640
epoch_iter=656
epoch_iter=672
epoch_iter=688
epoch_iter=704
epoch_iter=720
epoch_iter=736
epoch_iter=752
epoch_iter=768
epoch_iter=784
epoch_iter=800
epoch_iter=816
epoch_iter=832
epoch_iter=848
epoch_iter=864
epoch_iter=880
epoch_iter=896
epoch_iter=912
epoch_iter=928
epoch_iter=944
epoch_iter=960
epoch_iter=976
epoch_iter=992
epoch_iter=1008
epoch_iter=1024
epoch_iter=1040
epoch_iter=1056
epoch_iter=1072
epoch_iter=1088
epoch_iter=1104
epoch_iter=1120
epoch_iter=1136
epoch_iter=1152
epoch_iter=1168
epoch_iter=1184
epoch_iter=1200
epoch_iter=1216
epoch_iter=1232
epoch_iter=1248
epoch_iter=1264
epoch_iter=1280
epoch_iter=1296
epoch_iter=1312
epoch_iter=1328
epoch_iter=1344
epoch_iter=1360
epoch_iter=1376
epoch_iter=1392
epoch_iter=1408
epoch_iter=1424
epoch_iter=1440
epoch_iter=1456
epoch_iter=1472
epoch_iter=1488
epoch_iter=1504
epoch_iter=1520
epoch_iter=1536
epoch_iter=1552
epoch_iter=1568
epoch_iter=1584
epoch_iter=1600
epoch_iter=1616
epoch_iter=1632
epoch_iter=1648
epoch_iter=1664
epoch_iter=1680
epoch_iter=1696
epoch_iter=1712
epoch_iter=1728
epoch_iter=1744
epoch_iter=1760
epoch_iter=1776
epoch_iter=1792
epoch_iter=1808
epoch_iter=1824
epoch_iter=1840
epoch_iter=1856
epoch_iter=1872
epoch_iter=1888
epoch_iter=1904
epoch_iter=1920
epoch_iter=1936
epoch_iter=1952
epoch_iter=1968
epoch_iter=1984
epoch_iter=2000
epoch_iter=2016
epoch_iter=2032
epoch_iter=2048
epoch_iter=2064
epoch_iter=2080
epoch_iter=2096
epoch_iter=2112
epoch_iter=2128
epoch_iter=2144
epoch_iter=2160
epoch_iter=2176
epoch_iter=2192
epoch_iter=2208
epoch_iter=2224
epoch_iter=2240
epoch_iter=2256
epoch_iter=2272
epoch_iter=2288
epoch_iter=2304
epoch_iter=2320
epoch_iter=2336
epoch_iter=2352
epoch_iter=2368
epoch_iter=2384
epoch_iter=2400
epoch_iter=2416
epoch_iter=2432
epoch_iter=2448
epoch_iter=2464
epoch_iter=2480
epoch_iter=2496
epoch_iter=2512
epoch_iter=2528
epoch_iter=2544
epoch_iter=2560
epoch_iter=2576
epoch_iter=2592
epoch_iter=2608
epoch_iter=2624
epoch_iter=2640
epoch_iter=2656
epoch_iter=2672
epoch_iter=2688
epoch_iter=2704
epoch_iter=2720
epoch_iter=2736
epoch_iter=2752
epoch_iter=2768
epoch_iter=2784
epoch_iter=2800
2026_01_09_06_47_13 Train loss: 0.7220118045806885 at step: 400 lr 0.005
epoch_iter=2816
epoch_iter=2832
epoch_iter=2848
epoch_iter=2864
epoch_iter=2880
epoch_iter=2896
epoch_iter=2912
epoch_iter=2928
epoch_iter=2944
epoch_iter=2960
epoch_iter=2976
epoch_iter=2992
epoch_iter=3008
epoch_iter=3024
epoch_iter=3040
epoch_iter=3056
epoch_iter=3072
epoch_iter=3088
epoch_iter=3104
epoch_iter=3120
epoch_iter=3136
epoch_iter=3152
epoch_iter=3168
epoch_iter=3184
epoch_iter=3200
epoch_iter=3216
epoch_iter=3232
epoch_iter=3248
epoch_iter=3264
epoch_iter=3280
epoch_iter=3296
epoch_iter=3312
epoch_iter=3328
epoch_iter=3344
epoch_iter=3360
epoch_iter=3376
epoch_iter=3392
epoch_iter=3408
epoch_iter=3424
epoch_iter=3440
epoch_iter=3456
epoch_iter=3472
epoch_iter=3488
epoch_iter=3504
epoch_iter=3520
epoch_iter=3536
epoch_iter=3552
epoch_iter=3568
epoch_iter=3584
epoch_iter=3600
Epoch 1 finished at 2026_01_09_06_47_33
(Val @ epoch 1) acc: 0.5; ap: 0.5138636913832935
Saving model ./checkpoints/1class-resnet-horse_small-lr005bs162026_01_09_06_44_29/model_epoch_1.pth
Epoch 2 started at 2026_01_09_06_47_37
True 0 NVIDIA GeForce RTX 5070 Laptop GPU
epoch_iter=16
epoch_iter=32
epoch_iter=48
epoch_iter=64
epoch_iter=80
epoch_iter=96
epoch_iter=112
epoch_iter=128
epoch_iter=144
epoch_iter=160
epoch_iter=176
epoch_iter=192
epoch_iter=208
epoch_iter=224
epoch_iter=240
epoch_iter=256
epoch_iter=272
epoch_iter=288
epoch_iter=304
epoch_iter=320
epoch_iter=336
epoch_iter=352
epoch_iter=368
epoch_iter=384
epoch_iter=400
epoch_iter=416
epoch_iter=432
epoch_iter=448
epoch_iter=464
epoch_iter=480
epoch_iter=496
epoch_iter=512
epoch_iter=528
epoch_iter=544
epoch_iter=560
epoch_iter=576
epoch_iter=592
epoch_iter=608
epoch_iter=624
epoch_iter=640
epoch_iter=656
epoch_iter=672
epoch_iter=688
epoch_iter=704
epoch_iter=720
epoch_iter=736
epoch_iter=752
epoch_iter=768
epoch_iter=784
epoch_iter=800
epoch_iter=816
epoch_iter=832
epoch_iter=848
epoch_iter=864
epoch_iter=880
epoch_iter=896
epoch_iter=912
epoch_iter=928
epoch_iter=944
epoch_iter=960
epoch_iter=976
epoch_iter=992
epoch_iter=1008
epoch_iter=1024
epoch_iter=1040
epoch_iter=1056
epoch_iter=1072
epoch_iter=1088
epoch_iter=1104
epoch_iter=1120
epoch_iter=1136
epoch_iter=1152
epoch_iter=1168
epoch_iter=1184
epoch_iter=1200
epoch_iter=1216
epoch_iter=1232
epoch_iter=1248
epoch_iter=1264
epoch_iter=1280
epoch_iter=1296
epoch_iter=1312
epoch_iter=1328
epoch_iter=1344
epoch_iter=1360
epoch_iter=1376
epoch_iter=1392
epoch_iter=1408
epoch_iter=1424
epoch_iter=1440
epoch_iter=1456
epoch_iter=1472
epoch_iter=1488
epoch_iter=1504
epoch_iter=1520
epoch_iter=1536
epoch_iter=1552
epoch_iter=1568
epoch_iter=1584
epoch_iter=1600
epoch_iter=1616
epoch_iter=1632
epoch_iter=1648
epoch_iter=1664
epoch_iter=1680
epoch_iter=1696
epoch_iter=1712
epoch_iter=1728
epoch_iter=1744
epoch_iter=1760
epoch_iter=1776
epoch_iter=1792
epoch_iter=1808
epoch_iter=1824
epoch_iter=1840
epoch_iter=1856
epoch_iter=1872
epoch_iter=1888
epoch_iter=1904
epoch_iter=1920
epoch_iter=1936
epoch_iter=1952
epoch_iter=1968
epoch_iter=1984
epoch_iter=2000
epoch_iter=2016
epoch_iter=2032
epoch_iter=2048
epoch_iter=2064
epoch_iter=2080
epoch_iter=2096
epoch_iter=2112
epoch_iter=2128
epoch_iter=2144
epoch_iter=2160
epoch_iter=2176
epoch_iter=2192
epoch_iter=2208
epoch_iter=2224
epoch_iter=2240
epoch_iter=2256
epoch_iter=2272
epoch_iter=2288
epoch_iter=2304
epoch_iter=2320
epoch_iter=2336
epoch_iter=2352
epoch_iter=2368
epoch_iter=2384
epoch_iter=2400
epoch_iter=2416
epoch_iter=2432
epoch_iter=2448
epoch_iter=2464
epoch_iter=2480
epoch_iter=2496
epoch_iter=2512
epoch_iter=2528
epoch_iter=2544
epoch_iter=2560
epoch_iter=2576
epoch_iter=2592
epoch_iter=2608
epoch_iter=2624
epoch_iter=2640
epoch_iter=2656
epoch_iter=2672
epoch_iter=2688
epoch_iter=2704
epoch_iter=2720
epoch_iter=2736
epoch_iter=2752
epoch_iter=2768
epoch_iter=2784
epoch_iter=2800
epoch_iter=2816
epoch_iter=2832
epoch_iter=2848
epoch_iter=2864
epoch_iter=2880
epoch_iter=2896
epoch_iter=2912
epoch_iter=2928
epoch_iter=2944
epoch_iter=2960
epoch_iter=2976
epoch_iter=2992
epoch_iter=3008
epoch_iter=3024
epoch_iter=3040
epoch_iter=3056
epoch_iter=3072
epoch_iter=3088
epoch_iter=3104
epoch_iter=3120
epoch_iter=3136
epoch_iter=3152
epoch_iter=3168
epoch_iter=3184
epoch_iter=3200
epoch_iter=3216
epoch_iter=3232
epoch_iter=3248
epoch_iter=3264
epoch_iter=3280
epoch_iter=3296
epoch_iter=3312
epoch_iter=3328
epoch_iter=3344
epoch_iter=3360
epoch_iter=3376
epoch_iter=3392
epoch_iter=3408
epoch_iter=3424
epoch_iter=3440
epoch_iter=3456
epoch_iter=3472
epoch_iter=3488
epoch_iter=3504
epoch_iter=3520
epoch_iter=3536
epoch_iter=3552
epoch_iter=3568
epoch_iter=3584
epoch_iter=3600
Epoch 2 finished at 2026_01_09_06_49_06
(Val @ epoch 2) acc: 0.5125; ap: 0.5372060978522084
Saving model ./checkpoints/1class-resnet-horse_small-lr005bs162026_01_09_06_44_29/model_epoch_2.pth
Epoch 3 started at 2026_01_09_06_49_11
True 0 NVIDIA GeForce RTX 5070 Laptop GPU
epoch_iter=16
epoch_iter=32
epoch_iter=48
epoch_iter=64
epoch_iter=80
epoch_iter=96
epoch_iter=112
epoch_iter=128
epoch_iter=144
epoch_iter=160
epoch_iter=176
epoch_iter=192
epoch_iter=208
epoch_iter=224
epoch_iter=240
epoch_iter=256
epoch_iter=272
epoch_iter=288
epoch_iter=304
epoch_iter=320
epoch_iter=336
epoch_iter=352
epoch_iter=368
epoch_iter=384
epoch_iter=400
epoch_iter=416
epoch_iter=432
epoch_iter=448
epoch_iter=464
epoch_iter=480
epoch_iter=496
epoch_iter=512
epoch_iter=528
epoch_iter=544
epoch_iter=560
epoch_iter=576
epoch_iter=592
epoch_iter=608
epoch_iter=624
epoch_iter=640
epoch_iter=656
epoch_iter=672
epoch_iter=688
epoch_iter=704
epoch_iter=720
epoch_iter=736
epoch_iter=752
epoch_iter=768
epoch_iter=784
epoch_iter=800
epoch_iter=816
epoch_iter=832
epoch_iter=848
epoch_iter=864
epoch_iter=880
epoch_iter=896
epoch_iter=912
epoch_iter=928
epoch_iter=944
epoch_iter=960
epoch_iter=976
epoch_iter=992
epoch_iter=1008
epoch_iter=1024
epoch_iter=1040
epoch_iter=1056
epoch_iter=1072
epoch_iter=1088
epoch_iter=1104
epoch_iter=1120
epoch_iter=1136
epoch_iter=1152
epoch_iter=1168
epoch_iter=1184
epoch_iter=1200
epoch_iter=1216
epoch_iter=1232
epoch_iter=1248
epoch_iter=1264
epoch_iter=1280
epoch_iter=1296
epoch_iter=1312
epoch_iter=1328
epoch_iter=1344
epoch_iter=1360
epoch_iter=1376
epoch_iter=1392
epoch_iter=1408
epoch_iter=1424
epoch_iter=1440
epoch_iter=1456
epoch_iter=1472
epoch_iter=1488
epoch_iter=1504
epoch_iter=1520
epoch_iter=1536
epoch_iter=1552
epoch_iter=1568
epoch_iter=1584
epoch_iter=1600
epoch_iter=1616
epoch_iter=1632
epoch_iter=1648
epoch_iter=1664
epoch_iter=1680
epoch_iter=1696
epoch_iter=1712
epoch_iter=1728
epoch_iter=1744
epoch_iter=1760
epoch_iter=1776
epoch_iter=1792
epoch_iter=1808
epoch_iter=1824
epoch_iter=1840
epoch_iter=1856
epoch_iter=1872
epoch_iter=1888
epoch_iter=1904
epoch_iter=1920
epoch_iter=1936
epoch_iter=1952
epoch_iter=1968
epoch_iter=1984
epoch_iter=2000
2026_01_09_06_50_00 Train loss: 0.6845952272415161 at step: 800 lr 0.005
epoch_iter=2016
epoch_iter=2032
epoch_iter=2048
epoch_iter=2064
epoch_iter=2080
epoch_iter=2096
epoch_iter=2112
epoch_iter=2128
epoch_iter=2144
epoch_iter=2160
epoch_iter=2176
epoch_iter=2192
epoch_iter=2208
epoch_iter=2224
epoch_iter=2240
epoch_iter=2256
epoch_iter=2272
epoch_iter=2288
epoch_iter=2304
epoch_iter=2320
epoch_iter=2336
epoch_iter=2352
epoch_iter=2368
epoch_iter=2384
epoch_iter=2400
epoch_iter=2416
epoch_iter=2432
epoch_iter=2448
epoch_iter=2464
epoch_iter=2480
epoch_iter=2496
epoch_iter=2512
epoch_iter=2528
epoch_iter=2544
epoch_iter=2560
epoch_iter=2576
epoch_iter=2592
epoch_iter=2608
epoch_iter=2624
epoch_iter=2640
epoch_iter=2656
epoch_iter=2672
epoch_iter=2688
epoch_iter=2704
epoch_iter=2720
epoch_iter=2736
epoch_iter=2752
epoch_iter=2768
epoch_iter=2784
epoch_iter=2800
epoch_iter=2816
epoch_iter=2832
epoch_iter=2848
epoch_iter=2864
epoch_iter=2880
epoch_iter=2896
epoch_iter=2912
epoch_iter=2928
epoch_iter=2944
epoch_iter=2960
epoch_iter=2976
epoch_iter=2992
epoch_iter=3008
epoch_iter=3024
epoch_iter=3040
epoch_iter=3056
epoch_iter=3072
epoch_iter=3088
epoch_iter=3104
epoch_iter=3120
epoch_iter=3136
epoch_iter=3152
epoch_iter=3168
epoch_iter=3184
epoch_iter=3200
epoch_iter=3216
epoch_iter=3232
epoch_iter=3248
epoch_iter=3264
epoch_iter=3280
epoch_iter=3296
epoch_iter=3312
epoch_iter=3328
epoch_iter=3344
epoch_iter=3360
epoch_iter=3376
epoch_iter=3392
epoch_iter=3408
epoch_iter=3424
epoch_iter=3440
epoch_iter=3456
epoch_iter=3472
epoch_iter=3488
epoch_iter=3504
epoch_iter=3520
epoch_iter=3536
epoch_iter=3552
epoch_iter=3568
epoch_iter=3584
epoch_iter=3600
Epoch 3 finished at 2026_01_09_06_50_40
(Val @ epoch 3) acc: 0.515; ap: 0.515829885661434
Saving model ./checkpoints/1class-resnet-horse_small-lr005bs162026_01_09_06_44_29/model_epoch_3.pth
Epoch 4 started at 2026_01_09_06_50_44
True 0 NVIDIA GeForce RTX 5070 Laptop GPU
epoch_iter=16
epoch_iter=32
epoch_iter=48
epoch_iter=64
epoch_iter=80
epoch_iter=96
epoch_iter=112
epoch_iter=128
epoch_iter=144
epoch_iter=160
epoch_iter=176
epoch_iter=192
epoch_iter=208
epoch_iter=224
epoch_iter=240
epoch_iter=256
epoch_iter=272
epoch_iter=288
epoch_iter=304
epoch_iter=320
epoch_iter=336
epoch_iter=352
epoch_iter=368
epoch_iter=384
epoch_iter=400
epoch_iter=416
epoch_iter=432
epoch_iter=448
epoch_iter=464
epoch_iter=480
epoch_iter=496
epoch_iter=512
epoch_iter=528
epoch_iter=544
epoch_iter=560
epoch_iter=576
epoch_iter=592
epoch_iter=608
epoch_iter=624
epoch_iter=640
epoch_iter=656
epoch_iter=672
epoch_iter=688
epoch_iter=704
epoch_iter=720
epoch_iter=736
epoch_iter=752
epoch_iter=768
epoch_iter=784
epoch_iter=800
epoch_iter=816
epoch_iter=832
epoch_iter=848
epoch_iter=864
epoch_iter=880
epoch_iter=896
epoch_iter=912
epoch_iter=928
epoch_iter=944
epoch_iter=960
epoch_iter=976
epoch_iter=992
epoch_iter=1008
epoch_iter=1024
epoch_iter=1040
epoch_iter=1056
epoch_iter=1072
epoch_iter=1088
epoch_iter=1104
epoch_iter=1120
epoch_iter=1136
epoch_iter=1152
epoch_iter=1168
epoch_iter=1184
epoch_iter=1200
epoch_iter=1216
epoch_iter=1232
epoch_iter=1248
epoch_iter=1264
epoch_iter=1280
epoch_iter=1296
epoch_iter=1312
epoch_iter=1328
epoch_iter=1344
epoch_iter=1360
epoch_iter=1376
epoch_iter=1392
epoch_iter=1408
epoch_iter=1424
epoch_iter=1440
epoch_iter=1456
epoch_iter=1472
epoch_iter=1488
epoch_iter=1504
epoch_iter=1520
epoch_iter=1536
epoch_iter=1552
epoch_iter=1568
epoch_iter=1584
epoch_iter=1600
epoch_iter=1616
epoch_iter=1632
epoch_iter=1648
epoch_iter=1664
epoch_iter=1680
epoch_iter=1696
epoch_iter=1712
epoch_iter=1728
epoch_iter=1744
epoch_iter=1760
epoch_iter=1776
epoch_iter=1792
epoch_iter=1808
epoch_iter=1824
epoch_iter=1840
epoch_iter=1856
epoch_iter=1872
epoch_iter=1888
epoch_iter=1904
epoch_iter=1920
epoch_iter=1936
epoch_iter=1952
epoch_iter=1968
epoch_iter=1984
epoch_iter=2000
epoch_iter=2016
epoch_iter=2032
epoch_iter=2048
epoch_iter=2064
epoch_iter=2080
epoch_iter=2096
epoch_iter=2112
epoch_iter=2128
epoch_iter=2144
epoch_iter=2160
epoch_iter=2176
epoch_iter=2192
epoch_iter=2208
epoch_iter=2224
epoch_iter=2240
epoch_iter=2256
epoch_iter=2272
epoch_iter=2288
epoch_iter=2304
epoch_iter=2320
epoch_iter=2336
epoch_iter=2352
epoch_iter=2368
epoch_iter=2384
epoch_iter=2400
epoch_iter=2416
epoch_iter=2432
epoch_iter=2448
epoch_iter=2464
epoch_iter=2480
epoch_iter=2496
epoch_iter=2512
epoch_iter=2528
epoch_iter=2544
epoch_iter=2560
epoch_iter=2576
epoch_iter=2592
epoch_iter=2608
epoch_iter=2624
epoch_iter=2640
epoch_iter=2656
epoch_iter=2672
epoch_iter=2688
epoch_iter=2704
epoch_iter=2720
epoch_iter=2736
epoch_iter=2752
epoch_iter=2768
epoch_iter=2784
epoch_iter=2800
epoch_iter=2816
epoch_iter=2832
epoch_iter=2848
epoch_iter=2864
epoch_iter=2880
epoch_iter=2896
epoch_iter=2912
epoch_iter=2928
epoch_iter=2944
epoch_iter=2960
epoch_iter=2976
epoch_iter=2992
epoch_iter=3008
epoch_iter=3024
epoch_iter=3040
epoch_iter=3056
epoch_iter=3072
epoch_iter=3088
epoch_iter=3104
epoch_iter=3120
epoch_iter=3136
epoch_iter=3152
epoch_iter=3168
epoch_iter=3184
epoch_iter=3200
epoch_iter=3216
epoch_iter=3232
epoch_iter=3248
epoch_iter=3264
epoch_iter=3280
epoch_iter=3296
epoch_iter=3312
epoch_iter=3328
epoch_iter=3344
epoch_iter=3360
epoch_iter=3376
epoch_iter=3392
epoch_iter=3408
epoch_iter=3424
epoch_iter=3440
epoch_iter=3456
epoch_iter=3472
epoch_iter=3488
epoch_iter=3504
epoch_iter=3520
epoch_iter=3536
epoch_iter=3552
epoch_iter=3568
epoch_iter=3584
epoch_iter=3600
Epoch 4 finished at 2026_01_09_06_52_13
(Val @ epoch 4) acc: 0.5; ap: 0.4544801762879151
Saving model ./checkpoints/1class-resnet-horse_small-lr005bs162026_01_09_06_44_29/model_epoch_4.pth
Epoch 5 started at 2026_01_09_06_52_18
True 0 NVIDIA GeForce RTX 5070 Laptop GPU
epoch_iter=16
epoch_iter=32
epoch_iter=48
epoch_iter=64
epoch_iter=80
epoch_iter=96
epoch_iter=112
epoch_iter=128
epoch_iter=144
epoch_iter=160
epoch_iter=176
epoch_iter=192
epoch_iter=208
epoch_iter=224
epoch_iter=240
epoch_iter=256
epoch_iter=272
epoch_iter=288
epoch_iter=304
epoch_iter=320
epoch_iter=336
epoch_iter=352
epoch_iter=368
epoch_iter=384
epoch_iter=400
epoch_iter=416
epoch_iter=432
epoch_iter=448
epoch_iter=464
epoch_iter=480
epoch_iter=496
epoch_iter=512
epoch_iter=528
epoch_iter=544
epoch_iter=560
epoch_iter=576
epoch_iter=592
epoch_iter=608
epoch_iter=624
epoch_iter=640
epoch_iter=656
epoch_iter=672
epoch_iter=688
epoch_iter=704
epoch_iter=720
epoch_iter=736
epoch_iter=752
epoch_iter=768
epoch_iter=784
epoch_iter=800
epoch_iter=816
epoch_iter=832
epoch_iter=848
epoch_iter=864
epoch_iter=880
epoch_iter=896
epoch_iter=912
epoch_iter=928
epoch_iter=944
epoch_iter=960
epoch_iter=976
epoch_iter=992
epoch_iter=1008
epoch_iter=1024
epoch_iter=1040
epoch_iter=1056
epoch_iter=1072
epoch_iter=1088
epoch_iter=1104
epoch_iter=1120
epoch_iter=1136
epoch_iter=1152
epoch_iter=1168
epoch_iter=1184
epoch_iter=1200
2026_01_09_06_52_47 Train loss: 0.7001852989196777 at step: 1200 lr 0.005
epoch_iter=1216
epoch_iter=1232
epoch_iter=1248
epoch_iter=1264
epoch_iter=1280
epoch_iter=1296
epoch_iter=1312
epoch_iter=1328
epoch_iter=1344
epoch_iter=1360
epoch_iter=1376
epoch_iter=1392
epoch_iter=1408
epoch_iter=1424
epoch_iter=1440
epoch_iter=1456
epoch_iter=1472
epoch_iter=1488
epoch_iter=1504
epoch_iter=1520
epoch_iter=1536
epoch_iter=1552
epoch_iter=1568
epoch_iter=1584
epoch_iter=1600
epoch_iter=1616
epoch_iter=1632
epoch_iter=1648
epoch_iter=1664
epoch_iter=1680
epoch_iter=1696
epoch_iter=1712
epoch_iter=1728
epoch_iter=1744
epoch_iter=1760
epoch_iter=1776
epoch_iter=1792
epoch_iter=1808
epoch_iter=1824
epoch_iter=1840
epoch_iter=1856
epoch_iter=1872
epoch_iter=1888
epoch_iter=1904
epoch_iter=1920
epoch_iter=1936
epoch_iter=1952
epoch_iter=1968
epoch_iter=1984
epoch_iter=2000
epoch_iter=2016
epoch_iter=2032
epoch_iter=2048
epoch_iter=2064
epoch_iter=2080
epoch_iter=2096
epoch_iter=2112
epoch_iter=2128
epoch_iter=2144
epoch_iter=2160
epoch_iter=2176
epoch_iter=2192
epoch_iter=2208
epoch_iter=2224
epoch_iter=2240
epoch_iter=2256
epoch_iter=2272
epoch_iter=2288
epoch_iter=2304
epoch_iter=2320
epoch_iter=2336
epoch_iter=2352
epoch_iter=2368
epoch_iter=2384
epoch_iter=2400
epoch_iter=2416
epoch_iter=2432
epoch_iter=2448
epoch_iter=2464
epoch_iter=2480
epoch_iter=2496
epoch_iter=2512
epoch_iter=2528
epoch_iter=2544
epoch_iter=2560
epoch_iter=2576
epoch_iter=2592
epoch_iter=2608
epoch_iter=2624
epoch_iter=2640
epoch_iter=2656
epoch_iter=2672
epoch_iter=2688
epoch_iter=2704
epoch_iter=2720
epoch_iter=2736
epoch_iter=2752
epoch_iter=2768
epoch_iter=2784
epoch_iter=2800
epoch_iter=2816
epoch_iter=2832
epoch_iter=2848
epoch_iter=2864
epoch_iter=2880
epoch_iter=2896
epoch_iter=2912
epoch_iter=2928
epoch_iter=2944
epoch_iter=2960
epoch_iter=2976
epoch_iter=2992
epoch_iter=3008
epoch_iter=3024
epoch_iter=3040
epoch_iter=3056
epoch_iter=3072
epoch_iter=3088
epoch_iter=3104
epoch_iter=3120
epoch_iter=3136
epoch_iter=3152
epoch_iter=3168
epoch_iter=3184
epoch_iter=3200
epoch_iter=3216
epoch_iter=3232
epoch_iter=3248
epoch_iter=3264
epoch_iter=3280
epoch_iter=3296
epoch_iter=3312
epoch_iter=3328
epoch_iter=3344
epoch_iter=3360
epoch_iter=3376
epoch_iter=3392
epoch_iter=3408
epoch_iter=3424
epoch_iter=3440
epoch_iter=3456
epoch_iter=3472
epoch_iter=3488
epoch_iter=3504
epoch_iter=3520
epoch_iter=3536
epoch_iter=3552
epoch_iter=3568
epoch_iter=3584
epoch_iter=3600
Epoch 5 finished at 2026_01_09_06_53_47
(Val @ epoch 5) acc: 0.5125; ap: 0.5339913802489683
Saving model ./checkpoints/1class-resnet-horse_small-lr005bs162026_01_09_06_44_29/model_epoch_5.pth
Epoch 6 started at 2026_01_09_06_53_51
True 0 NVIDIA GeForce RTX 5070 Laptop GPU
epoch_iter=16
epoch_iter=32
epoch_iter=48
epoch_iter=64
epoch_iter=80
epoch_iter=96
epoch_iter=112
epoch_iter=128
epoch_iter=144
epoch_iter=160
epoch_iter=176
epoch_iter=192
epoch_iter=208
epoch_iter=224
epoch_iter=240
epoch_iter=256
epoch_iter=272
epoch_iter=288
epoch_iter=304
epoch_iter=320
epoch_iter=336
epoch_iter=352
epoch_iter=368
epoch_iter=384
epoch_iter=400
epoch_iter=416
epoch_iter=432
epoch_iter=448
epoch_iter=464
epoch_iter=480
epoch_iter=496
epoch_iter=512
epoch_iter=528
epoch_iter=544
epoch_iter=560
epoch_iter=576
epoch_iter=592
epoch_iter=608
epoch_iter=624
epoch_iter=640
epoch_iter=656
epoch_iter=672
epoch_iter=688
epoch_iter=704
epoch_iter=720
epoch_iter=736
epoch_iter=752
epoch_iter=768
epoch_iter=784
epoch_iter=800
epoch_iter=816
epoch_iter=832
epoch_iter=848
epoch_iter=864
epoch_iter=880
epoch_iter=896
epoch_iter=912
epoch_iter=928
epoch_iter=944
epoch_iter=960
epoch_iter=976
epoch_iter=992
epoch_iter=1008
epoch_iter=1024
epoch_iter=1040
epoch_iter=1056
epoch_iter=1072
epoch_iter=1088
epoch_iter=1104
epoch_iter=1120
epoch_iter=1136
epoch_iter=1152
epoch_iter=1168
epoch_iter=1184
epoch_iter=1200
epoch_iter=1216
epoch_iter=1232
epoch_iter=1248
epoch_iter=1264
epoch_iter=1280
epoch_iter=1296
epoch_iter=1312
epoch_iter=1328
epoch_iter=1344
epoch_iter=1360
epoch_iter=1376
epoch_iter=1392
epoch_iter=1408
epoch_iter=1424
epoch_iter=1440
epoch_iter=1456
epoch_iter=1472
epoch_iter=1488
epoch_iter=1504
epoch_iter=1520
epoch_iter=1536
epoch_iter=1552
epoch_iter=1568
epoch_iter=1584
epoch_iter=1600
epoch_iter=1616
epoch_iter=1632
epoch_iter=1648
epoch_iter=1664
epoch_iter=1680
epoch_iter=1696
epoch_iter=1712
epoch_iter=1728
epoch_iter=1744
epoch_iter=1760
epoch_iter=1776
epoch_iter=1792
epoch_iter=1808
epoch_iter=1824
epoch_iter=1840
epoch_iter=1856
epoch_iter=1872
epoch_iter=1888
epoch_iter=1904
epoch_iter=1920
epoch_iter=1936
epoch_iter=1952
epoch_iter=1968
epoch_iter=1984
epoch_iter=2000
epoch_iter=2016
epoch_iter=2032
epoch_iter=2048
epoch_iter=2064
epoch_iter=2080
epoch_iter=2096
epoch_iter=2112
epoch_iter=2128
epoch_iter=2144
epoch_iter=2160
epoch_iter=2176
epoch_iter=2192
epoch_iter=2208
epoch_iter=2224
epoch_iter=2240
epoch_iter=2256
epoch_iter=2272
epoch_iter=2288
epoch_iter=2304
epoch_iter=2320
epoch_iter=2336
epoch_iter=2352
epoch_iter=2368
epoch_iter=2384
epoch_iter=2400
epoch_iter=2416
epoch_iter=2432
epoch_iter=2448
epoch_iter=2464
epoch_iter=2480
epoch_iter=2496
epoch_iter=2512
epoch_iter=2528
epoch_iter=2544
epoch_iter=2560
epoch_iter=2576
epoch_iter=2592
epoch_iter=2608
epoch_iter=2624
epoch_iter=2640
epoch_iter=2656
epoch_iter=2672
epoch_iter=2688
epoch_iter=2704
epoch_iter=2720
epoch_iter=2736
epoch_iter=2752
epoch_iter=2768
epoch_iter=2784
epoch_iter=2800
epoch_iter=2816
epoch_iter=2832
epoch_iter=2848
epoch_iter=2864
epoch_iter=2880
epoch_iter=2896
epoch_iter=2912
epoch_iter=2928
epoch_iter=2944
epoch_iter=2960
epoch_iter=2976
epoch_iter=2992
epoch_iter=3008
epoch_iter=3024
epoch_iter=3040
epoch_iter=3056
epoch_iter=3072
epoch_iter=3088
epoch_iter=3104
epoch_iter=3120
epoch_iter=3136
epoch_iter=3152
epoch_iter=3168
epoch_iter=3184
epoch_iter=3200
epoch_iter=3216
epoch_iter=3232
epoch_iter=3248
epoch_iter=3264
epoch_iter=3280
epoch_iter=3296
epoch_iter=3312
epoch_iter=3328
epoch_iter=3344
epoch_iter=3360
epoch_iter=3376
epoch_iter=3392
epoch_iter=3408
epoch_iter=3424
epoch_iter=3440
epoch_iter=3456
epoch_iter=3472
epoch_iter=3488
epoch_iter=3504
epoch_iter=3520
epoch_iter=3536
epoch_iter=3552
epoch_iter=3568
epoch_iter=3584
epoch_iter=3600
Epoch 6 finished at 2026_01_09_06_55_21
(Val @ epoch 6) acc: 0.5; ap: 0.5228022801096699
Saving model ./checkpoints/1class-resnet-horse_small-lr005bs162026_01_09_06_44_29/model_epoch_6.pth
Epoch 7 started at 2026_01_09_06_55_25
True 0 NVIDIA GeForce RTX 5070 Laptop GPU
epoch_iter=16
epoch_iter=32
epoch_iter=48
epoch_iter=64
epoch_iter=80
epoch_iter=96
epoch_iter=112
epoch_iter=128
epoch_iter=144
epoch_iter=160
epoch_iter=176
epoch_iter=192
epoch_iter=208
epoch_iter=224
epoch_iter=240
epoch_iter=256
epoch_iter=272
epoch_iter=288
epoch_iter=304
epoch_iter=320
epoch_iter=336
epoch_iter=352
epoch_iter=368
epoch_iter=384
epoch_iter=400
2026_01_09_06_55_35 Train loss: 0.6945815682411194 at step: 1600 lr 0.005
epoch_iter=416
epoch_iter=432
epoch_iter=448
epoch_iter=464
epoch_iter=480
epoch_iter=496
epoch_iter=512
epoch_iter=528
epoch_iter=544
epoch_iter=560
epoch_iter=576
epoch_iter=592
epoch_iter=608
epoch_iter=624
epoch_iter=640
epoch_iter=656
epoch_iter=672
epoch_iter=688
epoch_iter=704
epoch_iter=720
epoch_iter=736
epoch_iter=752
epoch_iter=768
epoch_iter=784
epoch_iter=800
epoch_iter=816
epoch_iter=832
epoch_iter=848
epoch_iter=864
epoch_iter=880
epoch_iter=896
epoch_iter=912
epoch_iter=928
epoch_iter=944
epoch_iter=960
epoch_iter=976
epoch_iter=992
epoch_iter=1008
epoch_iter=1024
epoch_iter=1040
epoch_iter=1056
epoch_iter=1072
epoch_iter=1088
epoch_iter=1104
epoch_iter=1120
epoch_iter=1136
epoch_iter=1152
epoch_iter=1168
epoch_iter=1184
epoch_iter=1200
epoch_iter=1216
epoch_iter=1232
epoch_iter=1248
epoch_iter=1264
epoch_iter=1280
epoch_iter=1296
epoch_iter=1312
epoch_iter=1328
epoch_iter=1344
epoch_iter=1360
epoch_iter=1376
epoch_iter=1392
epoch_iter=1408
epoch_iter=1424
epoch_iter=1440
epoch_iter=1456
epoch_iter=1472
epoch_iter=1488
epoch_iter=1504
epoch_iter=1520
epoch_iter=1536
epoch_iter=1552
epoch_iter=1568
epoch_iter=1584
epoch_iter=1600
epoch_iter=1616
epoch_iter=1632
epoch_iter=1648
epoch_iter=1664
epoch_iter=1680
epoch_iter=1696
epoch_iter=1712
epoch_iter=1728
epoch_iter=1744
epoch_iter=1760
epoch_iter=1776
epoch_iter=1792
epoch_iter=1808
epoch_iter=1824
epoch_iter=1840
epoch_iter=1856
epoch_iter=1872
epoch_iter=1888
epoch_iter=1904
epoch_iter=1920
epoch_iter=1936
epoch_iter=1952
epoch_iter=1968
epoch_iter=1984
epoch_iter=2000
epoch_iter=2016
epoch_iter=2032
epoch_iter=2048
epoch_iter=2064
epoch_iter=2080
epoch_iter=2096
epoch_iter=2112
epoch_iter=2128
epoch_iter=2144
epoch_iter=2160
epoch_iter=2176
epoch_iter=2192
epoch_iter=2208
epoch_iter=2224
epoch_iter=2240
epoch_iter=2256
epoch_iter=2272
epoch_iter=2288
epoch_iter=2304
epoch_iter=2320
epoch_iter=2336
epoch_iter=2352
epoch_iter=2368
epoch_iter=2384
epoch_iter=2400
epoch_iter=2416
epoch_iter=2432
epoch_iter=2448
epoch_iter=2464
epoch_iter=2480
epoch_iter=2496
epoch_iter=2512
epoch_iter=2528
epoch_iter=2544
epoch_iter=2560
epoch_iter=2576
epoch_iter=2592
epoch_iter=2608
epoch_iter=2624
epoch_iter=2640
epoch_iter=2656
epoch_iter=2672
epoch_iter=2688
epoch_iter=2704
epoch_iter=2720
epoch_iter=2736
epoch_iter=2752
epoch_iter=2768
epoch_iter=2784
epoch_iter=2800
epoch_iter=2816
epoch_iter=2832
epoch_iter=2848
epoch_iter=2864
epoch_iter=2880
epoch_iter=2896
epoch_iter=2912
epoch_iter=2928
epoch_iter=2944
epoch_iter=2960
epoch_iter=2976
epoch_iter=2992
epoch_iter=3008
epoch_iter=3024
epoch_iter=3040
epoch_iter=3056
epoch_iter=3072
epoch_iter=3088
epoch_iter=3104
epoch_iter=3120
epoch_iter=3136
epoch_iter=3152
epoch_iter=3168
epoch_iter=3184
epoch_iter=3200
epoch_iter=3216
epoch_iter=3232
epoch_iter=3248
epoch_iter=3264
epoch_iter=3280
epoch_iter=3296
epoch_iter=3312
epoch_iter=3328
epoch_iter=3344
epoch_iter=3360
epoch_iter=3376
epoch_iter=3392
epoch_iter=3408
epoch_iter=3424
epoch_iter=3440
epoch_iter=3456
epoch_iter=3472
epoch_iter=3488
epoch_iter=3504
epoch_iter=3520
epoch_iter=3536
epoch_iter=3552
epoch_iter=3568
epoch_iter=3584
epoch_iter=3600
Epoch 7 finished at 2026_01_09_06_56_55
(Val @ epoch 7) acc: 0.525; ap: 0.5368800568232276
Saving model ./checkpoints/1class-resnet-horse_small-lr005bs162026_01_09_06_44_29/model_epoch_7.pth
Epoch 8 started at 2026_01_09_06_56_59
True 0 NVIDIA GeForce RTX 5070 Laptop GPU
epoch_iter=16
epoch_iter=32
epoch_iter=48
epoch_iter=64
epoch_iter=80
epoch_iter=96
epoch_iter=112
epoch_iter=128
epoch_iter=144
epoch_iter=160
epoch_iter=176
epoch_iter=192
epoch_iter=208
epoch_iter=224
epoch_iter=240
epoch_iter=256
epoch_iter=272
epoch_iter=288
epoch_iter=304
epoch_iter=320
epoch_iter=336
epoch_iter=352
epoch_iter=368
epoch_iter=384
epoch_iter=400
epoch_iter=416
epoch_iter=432
epoch_iter=448
epoch_iter=464
epoch_iter=480
epoch_iter=496
epoch_iter=512
epoch_iter=528
epoch_iter=544
epoch_iter=560
epoch_iter=576
epoch_iter=592
epoch_iter=608
epoch_iter=624
epoch_iter=640
epoch_iter=656
epoch_iter=672
epoch_iter=688
epoch_iter=704
epoch_iter=720
epoch_iter=736
epoch_iter=752
epoch_iter=768
epoch_iter=784
epoch_iter=800
epoch_iter=816
epoch_iter=832
epoch_iter=848
epoch_iter=864
epoch_iter=880
epoch_iter=896
epoch_iter=912
epoch_iter=928
epoch_iter=944
epoch_iter=960
epoch_iter=976
epoch_iter=992
epoch_iter=1008
epoch_iter=1024
epoch_iter=1040
epoch_iter=1056
epoch_iter=1072
epoch_iter=1088
epoch_iter=1104
epoch_iter=1120
epoch_iter=1136
epoch_iter=1152
epoch_iter=1168
epoch_iter=1184
epoch_iter=1200
epoch_iter=1216
epoch_iter=1232
epoch_iter=1248
epoch_iter=1264
epoch_iter=1280
epoch_iter=1296
epoch_iter=1312
epoch_iter=1328
epoch_iter=1344
epoch_iter=1360
epoch_iter=1376
epoch_iter=1392
epoch_iter=1408
epoch_iter=1424
epoch_iter=1440
epoch_iter=1456
epoch_iter=1472
epoch_iter=1488
epoch_iter=1504
epoch_iter=1520
epoch_iter=1536
epoch_iter=1552
epoch_iter=1568
epoch_iter=1584
epoch_iter=1600
epoch_iter=1616
epoch_iter=1632
epoch_iter=1648
epoch_iter=1664
epoch_iter=1680
epoch_iter=1696
epoch_iter=1712
epoch_iter=1728
epoch_iter=1744
epoch_iter=1760
epoch_iter=1776
epoch_iter=1792
epoch_iter=1808
epoch_iter=1824
epoch_iter=1840
epoch_iter=1856
epoch_iter=1872
epoch_iter=1888
epoch_iter=1904
epoch_iter=1920
epoch_iter=1936
epoch_iter=1952
epoch_iter=1968
epoch_iter=1984
epoch_iter=2000
epoch_iter=2016
epoch_iter=2032
epoch_iter=2048
epoch_iter=2064
epoch_iter=2080
epoch_iter=2096
epoch_iter=2112
epoch_iter=2128
epoch_iter=2144
epoch_iter=2160
epoch_iter=2176
epoch_iter=2192
epoch_iter=2208
epoch_iter=2224
epoch_iter=2240
epoch_iter=2256
epoch_iter=2272
epoch_iter=2288
epoch_iter=2304
epoch_iter=2320
epoch_iter=2336
epoch_iter=2352
epoch_iter=2368
epoch_iter=2384
epoch_iter=2400
epoch_iter=2416
epoch_iter=2432
epoch_iter=2448
epoch_iter=2464
epoch_iter=2480
epoch_iter=2496
epoch_iter=2512
epoch_iter=2528
epoch_iter=2544
epoch_iter=2560
epoch_iter=2576
epoch_iter=2592
epoch_iter=2608
epoch_iter=2624
epoch_iter=2640
epoch_iter=2656
epoch_iter=2672
epoch_iter=2688
epoch_iter=2704
epoch_iter=2720
epoch_iter=2736
epoch_iter=2752
epoch_iter=2768
epoch_iter=2784
epoch_iter=2800
epoch_iter=2816
epoch_iter=2832
epoch_iter=2848
epoch_iter=2864
epoch_iter=2880
epoch_iter=2896
epoch_iter=2912
epoch_iter=2928
epoch_iter=2944
epoch_iter=2960
epoch_iter=2976
epoch_iter=2992
epoch_iter=3008
epoch_iter=3024
epoch_iter=3040
epoch_iter=3056
epoch_iter=3072
epoch_iter=3088
epoch_iter=3104
epoch_iter=3120
epoch_iter=3136
epoch_iter=3152
epoch_iter=3168
epoch_iter=3184
epoch_iter=3200
2026_01_09_06_58_19 Train loss: 0.6886761784553528 at step: 2000 lr 0.005
epoch_iter=3216
epoch_iter=3232
epoch_iter=3248
epoch_iter=3264
epoch_iter=3280
epoch_iter=3296
epoch_iter=3312
epoch_iter=3328
epoch_iter=3344
epoch_iter=3360
epoch_iter=3376
epoch_iter=3392
epoch_iter=3408
epoch_iter=3424
epoch_iter=3440
epoch_iter=3456
epoch_iter=3472
epoch_iter=3488
epoch_iter=3504
epoch_iter=3520
epoch_iter=3536
epoch_iter=3552
epoch_iter=3568
epoch_iter=3584
epoch_iter=3600
Epoch 8 finished at 2026_01_09_06_58_29
(Val @ epoch 8) acc: 0.525; ap: 0.5229949485378187
Saving model ./checkpoints/1class-resnet-horse_small-lr005bs162026_01_09_06_44_29/model_epoch_8.pth
Epoch 9 started at 2026_01_09_06_58_33
True 0 NVIDIA GeForce RTX 5070 Laptop GPU
epoch_iter=16
epoch_iter=32
epoch_iter=48
epoch_iter=64
epoch_iter=80
epoch_iter=96
epoch_iter=112
epoch_iter=128
epoch_iter=144
epoch_iter=160
epoch_iter=176
epoch_iter=192
epoch_iter=208
epoch_iter=224
epoch_iter=240
epoch_iter=256
epoch_iter=272
epoch_iter=288
epoch_iter=304
epoch_iter=320
epoch_iter=336
epoch_iter=352
epoch_iter=368
epoch_iter=384
epoch_iter=400
epoch_iter=416
epoch_iter=432
epoch_iter=448
epoch_iter=464
epoch_iter=480
epoch_iter=496
epoch_iter=512
epoch_iter=528
epoch_iter=544
epoch_iter=560
epoch_iter=576
epoch_iter=592
epoch_iter=608
epoch_iter=624
epoch_iter=640
epoch_iter=656
epoch_iter=672
epoch_iter=688
epoch_iter=704
epoch_iter=720
epoch_iter=736
epoch_iter=752
epoch_iter=768
epoch_iter=784
epoch_iter=800
epoch_iter=816
epoch_iter=832
epoch_iter=848
epoch_iter=864
epoch_iter=880
epoch_iter=896
epoch_iter=912
epoch_iter=928
epoch_iter=944
epoch_iter=960
epoch_iter=976
epoch_iter=992
epoch_iter=1008
epoch_iter=1024
epoch_iter=1040
epoch_iter=1056
epoch_iter=1072
epoch_iter=1088
epoch_iter=1104
epoch_iter=1120
epoch_iter=1136
epoch_iter=1152
epoch_iter=1168
epoch_iter=1184
epoch_iter=1200
epoch_iter=1216
epoch_iter=1232
epoch_iter=1248
epoch_iter=1264
epoch_iter=1280
epoch_iter=1296
epoch_iter=1312
epoch_iter=1328
epoch_iter=1344
epoch_iter=1360
epoch_iter=1376
epoch_iter=1392
epoch_iter=1408
epoch_iter=1424
epoch_iter=1440
epoch_iter=1456
epoch_iter=1472
epoch_iter=1488
epoch_iter=1504
epoch_iter=1520
epoch_iter=1536
epoch_iter=1552
epoch_iter=1568
epoch_iter=1584
epoch_iter=1600
epoch_iter=1616
epoch_iter=1632
epoch_iter=1648
epoch_iter=1664
epoch_iter=1680
epoch_iter=1696
epoch_iter=1712
epoch_iter=1728
epoch_iter=1744
epoch_iter=1760
epoch_iter=1776
epoch_iter=1792
epoch_iter=1808
epoch_iter=1824
epoch_iter=1840
epoch_iter=1856
epoch_iter=1872
epoch_iter=1888
epoch_iter=1904
epoch_iter=1920
epoch_iter=1936
epoch_iter=1952
epoch_iter=1968
epoch_iter=1984
epoch_iter=2000
epoch_iter=2016
epoch_iter=2032
epoch_iter=2048
epoch_iter=2064
epoch_iter=2080
epoch_iter=2096
epoch_iter=2112
epoch_iter=2128
epoch_iter=2144
epoch_iter=2160
epoch_iter=2176
epoch_iter=2192
epoch_iter=2208
epoch_iter=2224
epoch_iter=2240
epoch_iter=2256
epoch_iter=2272
epoch_iter=2288
epoch_iter=2304
epoch_iter=2320
epoch_iter=2336
epoch_iter=2352
epoch_iter=2368
epoch_iter=2384
epoch_iter=2400
epoch_iter=2416
epoch_iter=2432
epoch_iter=2448
epoch_iter=2464
epoch_iter=2480
epoch_iter=2496
epoch_iter=2512
epoch_iter=2528
epoch_iter=2544
epoch_iter=2560
epoch_iter=2576
epoch_iter=2592
epoch_iter=2608
epoch_iter=2624
epoch_iter=2640
epoch_iter=2656
epoch_iter=2672
epoch_iter=2688
epoch_iter=2704
epoch_iter=2720
epoch_iter=2736
epoch_iter=2752
epoch_iter=2768
epoch_iter=2784
epoch_iter=2800
epoch_iter=2816
epoch_iter=2832
epoch_iter=2848
epoch_iter=2864
epoch_iter=2880
epoch_iter=2896
epoch_iter=2912
epoch_iter=2928
epoch_iter=2944
epoch_iter=2960
epoch_iter=2976
epoch_iter=2992
epoch_iter=3008
epoch_iter=3024
epoch_iter=3040
epoch_iter=3056
epoch_iter=3072
epoch_iter=3088
epoch_iter=3104
epoch_iter=3120
epoch_iter=3136
epoch_iter=3152
epoch_iter=3168
epoch_iter=3184
epoch_iter=3200
epoch_iter=3216
epoch_iter=3232
epoch_iter=3248
epoch_iter=3264
epoch_iter=3280
epoch_iter=3296
epoch_iter=3312
epoch_iter=3328
epoch_iter=3344
epoch_iter=3360
epoch_iter=3376
epoch_iter=3392
epoch_iter=3408
epoch_iter=3424
epoch_iter=3440
epoch_iter=3456
epoch_iter=3472
epoch_iter=3488
epoch_iter=3504
epoch_iter=3520
epoch_iter=3536
epoch_iter=3552
epoch_iter=3568
epoch_iter=3584
epoch_iter=3600
Epoch 9 finished at 2026_01_09_07_00_03
(Val @ epoch 9) acc: 0.5; ap: 0.495267447655347
Saving model ./checkpoints/1class-resnet-horse_small-lr005bs162026_01_09_06_44_29/model_epoch_9.pth
Epoch 10 started at 2026_01_09_07_00_07
True 0 NVIDIA GeForce RTX 5070 Laptop GPU
epoch_iter=16
epoch_iter=32
epoch_iter=48
epoch_iter=64
epoch_iter=80
epoch_iter=96
epoch_iter=112
epoch_iter=128
epoch_iter=144
epoch_iter=160
epoch_iter=176
epoch_iter=192
epoch_iter=208
epoch_iter=224
epoch_iter=240
epoch_iter=256
epoch_iter=272
epoch_iter=288
epoch_iter=304
epoch_iter=320
epoch_iter=336
epoch_iter=352
epoch_iter=368
epoch_iter=384
epoch_iter=400
epoch_iter=416
epoch_iter=432
epoch_iter=448
epoch_iter=464
epoch_iter=480
epoch_iter=496
epoch_iter=512
epoch_iter=528
epoch_iter=544
epoch_iter=560
epoch_iter=576
epoch_iter=592
epoch_iter=608
epoch_iter=624
epoch_iter=640
epoch_iter=656
epoch_iter=672
epoch_iter=688
epoch_iter=704
epoch_iter=720
epoch_iter=736
epoch_iter=752
epoch_iter=768
epoch_iter=784
epoch_iter=800
epoch_iter=816
epoch_iter=832
epoch_iter=848
epoch_iter=864
epoch_iter=880
epoch_iter=896
epoch_iter=912
epoch_iter=928
epoch_iter=944
epoch_iter=960
epoch_iter=976
epoch_iter=992
epoch_iter=1008
epoch_iter=1024
epoch_iter=1040
epoch_iter=1056
epoch_iter=1072
epoch_iter=1088
epoch_iter=1104
epoch_iter=1120
epoch_iter=1136
epoch_iter=1152
epoch_iter=1168
epoch_iter=1184
epoch_iter=1200
epoch_iter=1216
epoch_iter=1232
epoch_iter=1248
epoch_iter=1264
epoch_iter=1280
epoch_iter=1296
epoch_iter=1312
epoch_iter=1328
epoch_iter=1344
epoch_iter=1360
epoch_iter=1376
epoch_iter=1392
epoch_iter=1408
epoch_iter=1424
epoch_iter=1440
epoch_iter=1456
epoch_iter=1472
epoch_iter=1488
epoch_iter=1504
epoch_iter=1520
epoch_iter=1536
epoch_iter=1552
epoch_iter=1568
epoch_iter=1584
epoch_iter=1600
epoch_iter=1616
epoch_iter=1632
epoch_iter=1648
epoch_iter=1664
epoch_iter=1680
epoch_iter=1696
epoch_iter=1712
epoch_iter=1728
epoch_iter=1744
epoch_iter=1760
epoch_iter=1776
epoch_iter=1792
epoch_iter=1808
epoch_iter=1824
epoch_iter=1840
epoch_iter=1856
epoch_iter=1872
epoch_iter=1888
epoch_iter=1904
epoch_iter=1920
epoch_iter=1936
epoch_iter=1952
epoch_iter=1968
epoch_iter=1984
epoch_iter=2000
epoch_iter=2016
epoch_iter=2032
epoch_iter=2048
epoch_iter=2064
epoch_iter=2080
epoch_iter=2096
epoch_iter=2112
epoch_iter=2128
epoch_iter=2144
epoch_iter=2160
epoch_iter=2176
epoch_iter=2192
epoch_iter=2208
epoch_iter=2224
epoch_iter=2240
epoch_iter=2256
epoch_iter=2272
epoch_iter=2288
epoch_iter=2304
epoch_iter=2320
epoch_iter=2336
epoch_iter=2352
epoch_iter=2368
epoch_iter=2384
epoch_iter=2400
2026_01_09_07_01_06 Train loss: 0.7067806720733643 at step: 2400 lr 0.005
epoch_iter=2416
epoch_iter=2432
epoch_iter=2448
epoch_iter=2464
epoch_iter=2480
epoch_iter=2496
epoch_iter=2512
epoch_iter=2528
epoch_iter=2544
epoch_iter=2560
epoch_iter=2576
epoch_iter=2592
epoch_iter=2608
epoch_iter=2624
epoch_iter=2640
epoch_iter=2656
epoch_iter=2672
epoch_iter=2688
epoch_iter=2704
epoch_iter=2720
epoch_iter=2736
epoch_iter=2752
epoch_iter=2768
epoch_iter=2784
epoch_iter=2800
epoch_iter=2816
epoch_iter=2832
epoch_iter=2848
epoch_iter=2864
epoch_iter=2880
epoch_iter=2896
epoch_iter=2912
epoch_iter=2928
epoch_iter=2944
epoch_iter=2960
epoch_iter=2976
epoch_iter=2992
epoch_iter=3008
epoch_iter=3024
epoch_iter=3040
epoch_iter=3056
epoch_iter=3072
epoch_iter=3088
epoch_iter=3104
epoch_iter=3120
epoch_iter=3136
epoch_iter=3152
epoch_iter=3168
epoch_iter=3184
epoch_iter=3200
epoch_iter=3216
epoch_iter=3232
epoch_iter=3248
epoch_iter=3264
epoch_iter=3280
epoch_iter=3296
epoch_iter=3312
epoch_iter=3328
epoch_iter=3344
epoch_iter=3360
epoch_iter=3376
epoch_iter=3392
epoch_iter=3408
epoch_iter=3424
epoch_iter=3440
epoch_iter=3456
epoch_iter=3472
epoch_iter=3488
epoch_iter=3504
epoch_iter=3520
epoch_iter=3536
epoch_iter=3552
epoch_iter=3568
epoch_iter=3584
epoch_iter=3600
2026_01_09_07_01_36 changing lr at the end of epoch 10, iters 2475
*************************
Changing lr from 0.005 to 0.004
*************************
Epoch 10 finished at 2026_01_09_07_01_36
(Val @ epoch 10) acc: 0.4925; ap: 0.5196219724098572
Saving model ./checkpoints/1class-resnet-horse_small-lr005bs162026_01_09_06_44_29/model_epoch_10.pth
Epoch 11 started at 2026_01_09_07_01_41
True 0 NVIDIA GeForce RTX 5070 Laptop GPU
epoch_iter=16
epoch_iter=32
epoch_iter=48
epoch_iter=64
epoch_iter=80
epoch_iter=96
epoch_iter=112
epoch_iter=128
epoch_iter=144
epoch_iter=160
epoch_iter=176
epoch_iter=192
epoch_iter=208
epoch_iter=224
epoch_iter=240
epoch_iter=256
epoch_iter=272
epoch_iter=288
epoch_iter=304
epoch_iter=320
epoch_iter=336
epoch_iter=352
epoch_iter=368
epoch_iter=384
epoch_iter=400
epoch_iter=416
epoch_iter=432
epoch_iter=448
epoch_iter=464
epoch_iter=480
epoch_iter=496
epoch_iter=512
epoch_iter=528
epoch_iter=544
epoch_iter=560
epoch_iter=576
epoch_iter=592
epoch_iter=608
epoch_iter=624
epoch_iter=640
epoch_iter=656
epoch_iter=672
epoch_iter=688
epoch_iter=704
epoch_iter=720
epoch_iter=736
epoch_iter=752
epoch_iter=768
epoch_iter=784
epoch_iter=800
epoch_iter=816
epoch_iter=832
epoch_iter=848
epoch_iter=864
epoch_iter=880
epoch_iter=896
epoch_iter=912
epoch_iter=928
epoch_iter=944
epoch_iter=960
epoch_iter=976
epoch_iter=992
epoch_iter=1008
epoch_iter=1024
epoch_iter=1040
epoch_iter=1056
epoch_iter=1072
epoch_iter=1088
epoch_iter=1104
epoch_iter=1120
epoch_iter=1136
epoch_iter=1152
epoch_iter=1168
epoch_iter=1184
epoch_iter=1200
epoch_iter=1216
epoch_iter=1232
epoch_iter=1248
epoch_iter=1264
epoch_iter=1280
epoch_iter=1296
epoch_iter=1312
epoch_iter=1328
epoch_iter=1344
epoch_iter=1360
epoch_iter=1376
epoch_iter=1392
epoch_iter=1408
epoch_iter=1424
epoch_iter=1440
epoch_iter=1456
epoch_iter=1472
epoch_iter=1488
epoch_iter=1504
epoch_iter=1520
epoch_iter=1536
epoch_iter=1552
epoch_iter=1568
epoch_iter=1584
epoch_iter=1600
epoch_iter=1616
epoch_iter=1632
epoch_iter=1648
epoch_iter=1664
epoch_iter=1680
epoch_iter=1696
epoch_iter=1712
epoch_iter=1728
epoch_iter=1744
epoch_iter=1760
epoch_iter=1776
epoch_iter=1792
epoch_iter=1808
epoch_iter=1824
epoch_iter=1840
epoch_iter=1856
epoch_iter=1872
epoch_iter=1888
epoch_iter=1904
epoch_iter=1920
epoch_iter=1936
epoch_iter=1952
epoch_iter=1968
epoch_iter=1984
epoch_iter=2000
epoch_iter=2016
epoch_iter=2032
epoch_iter=2048
epoch_iter=2064
epoch_iter=2080
epoch_iter=2096
epoch_iter=2112
epoch_iter=2128
epoch_iter=2144
epoch_iter=2160
epoch_iter=2176
epoch_iter=2192
epoch_iter=2208
epoch_iter=2224
epoch_iter=2240
epoch_iter=2256
epoch_iter=2272
epoch_iter=2288
epoch_iter=2304
epoch_iter=2320
epoch_iter=2336
epoch_iter=2352
epoch_iter=2368
epoch_iter=2384
epoch_iter=2400
epoch_iter=2416
epoch_iter=2432
epoch_iter=2448
epoch_iter=2464
epoch_iter=2480
epoch_iter=2496
epoch_iter=2512
epoch_iter=2528
epoch_iter=2544
epoch_iter=2560
epoch_iter=2576
epoch_iter=2592
epoch_iter=2608
epoch_iter=2624
epoch_iter=2640
epoch_iter=2656
epoch_iter=2672
epoch_iter=2688
epoch_iter=2704
epoch_iter=2720
epoch_iter=2736
epoch_iter=2752
epoch_iter=2768
epoch_iter=2784
epoch_iter=2800
epoch_iter=2816
epoch_iter=2832
epoch_iter=2848
epoch_iter=2864
epoch_iter=2880
epoch_iter=2896
epoch_iter=2912
epoch_iter=2928
epoch_iter=2944
epoch_iter=2960
epoch_iter=2976
epoch_iter=2992
epoch_iter=3008
epoch_iter=3024
epoch_iter=3040
epoch_iter=3056
epoch_iter=3072
epoch_iter=3088
epoch_iter=3104
epoch_iter=3120
epoch_iter=3136
epoch_iter=3152
epoch_iter=3168
epoch_iter=3184
epoch_iter=3200
epoch_iter=3216
epoch_iter=3232
epoch_iter=3248
epoch_iter=3264
epoch_iter=3280
epoch_iter=3296
epoch_iter=3312
epoch_iter=3328
epoch_iter=3344
epoch_iter=3360
epoch_iter=3376
epoch_iter=3392
epoch_iter=3408
epoch_iter=3424
epoch_iter=3440
epoch_iter=3456
epoch_iter=3472
epoch_iter=3488
epoch_iter=3504
epoch_iter=3520
epoch_iter=3536
epoch_iter=3552
epoch_iter=3568
epoch_iter=3584
epoch_iter=3600
Epoch 11 finished at 2026_01_09_07_03_10
(Val @ epoch 11) acc: 0.5125; ap: 0.5175154038404193
Saving model ./checkpoints/1class-resnet-horse_small-lr005bs162026_01_09_06_44_29/model_epoch_11.pth
Epoch 12 started at 2026_01_09_07_03_14
True 0 NVIDIA GeForce RTX 5070 Laptop GPU
epoch_iter=16
epoch_iter=32
epoch_iter=48
epoch_iter=64
epoch_iter=80
epoch_iter=96
epoch_iter=112
epoch_iter=128
epoch_iter=144
epoch_iter=160
epoch_iter=176
epoch_iter=192
epoch_iter=208
epoch_iter=224
epoch_iter=240
epoch_iter=256
epoch_iter=272
epoch_iter=288
epoch_iter=304
epoch_iter=320
epoch_iter=336
epoch_iter=352
epoch_iter=368
epoch_iter=384
epoch_iter=400
epoch_iter=416
epoch_iter=432
epoch_iter=448
epoch_iter=464
epoch_iter=480
epoch_iter=496
epoch_iter=512
epoch_iter=528
epoch_iter=544
epoch_iter=560
epoch_iter=576
epoch_iter=592
epoch_iter=608
epoch_iter=624
epoch_iter=640
epoch_iter=656
epoch_iter=672
epoch_iter=688
epoch_iter=704
epoch_iter=720
epoch_iter=736
epoch_iter=752
epoch_iter=768
epoch_iter=784
epoch_iter=800
epoch_iter=816
epoch_iter=832
epoch_iter=848
epoch_iter=864
epoch_iter=880
epoch_iter=896
epoch_iter=912
epoch_iter=928
epoch_iter=944
epoch_iter=960
epoch_iter=976
epoch_iter=992
epoch_iter=1008
epoch_iter=1024
epoch_iter=1040
epoch_iter=1056
epoch_iter=1072
epoch_iter=1088
epoch_iter=1104
epoch_iter=1120
epoch_iter=1136
epoch_iter=1152
epoch_iter=1168
epoch_iter=1184
epoch_iter=1200
epoch_iter=1216
epoch_iter=1232
epoch_iter=1248
epoch_iter=1264
epoch_iter=1280
epoch_iter=1296
epoch_iter=1312
epoch_iter=1328
epoch_iter=1344
epoch_iter=1360
epoch_iter=1376
epoch_iter=1392
epoch_iter=1408
epoch_iter=1424
epoch_iter=1440
epoch_iter=1456
epoch_iter=1472
epoch_iter=1488
epoch_iter=1504
epoch_iter=1520
epoch_iter=1536
epoch_iter=1552
epoch_iter=1568
epoch_iter=1584
epoch_iter=1600
2026_01_09_07_03_54 Train loss: 0.6958584785461426 at step: 2800 lr 0.004
epoch_iter=1616
epoch_iter=1632
epoch_iter=1648
epoch_iter=1664
epoch_iter=1680
epoch_iter=1696
epoch_iter=1712
epoch_iter=1728
epoch_iter=1744
epoch_iter=1760
epoch_iter=1776
epoch_iter=1792
epoch_iter=1808
epoch_iter=1824
epoch_iter=1840
epoch_iter=1856
epoch_iter=1872
epoch_iter=1888
epoch_iter=1904
epoch_iter=1920
epoch_iter=1936
epoch_iter=1952
epoch_iter=1968
epoch_iter=1984
epoch_iter=2000
epoch_iter=2016
epoch_iter=2032
epoch_iter=2048
epoch_iter=2064
epoch_iter=2080
epoch_iter=2096
epoch_iter=2112
epoch_iter=2128
epoch_iter=2144
epoch_iter=2160
epoch_iter=2176
epoch_iter=2192
epoch_iter=2208
epoch_iter=2224
epoch_iter=2240
epoch_iter=2256
epoch_iter=2272
epoch_iter=2288
epoch_iter=2304
epoch_iter=2320
epoch_iter=2336
epoch_iter=2352
epoch_iter=2368
epoch_iter=2384
epoch_iter=2400
epoch_iter=2416
epoch_iter=2432
epoch_iter=2448
epoch_iter=2464
epoch_iter=2480
epoch_iter=2496
epoch_iter=2512
epoch_iter=2528
epoch_iter=2544
epoch_iter=2560
epoch_iter=2576
epoch_iter=2592
epoch_iter=2608
epoch_iter=2624
epoch_iter=2640
epoch_iter=2656
epoch_iter=2672
epoch_iter=2688
epoch_iter=2704
epoch_iter=2720
epoch_iter=2736
epoch_iter=2752
epoch_iter=2768
epoch_iter=2784
epoch_iter=2800
epoch_iter=2816
epoch_iter=2832
epoch_iter=2848
epoch_iter=2864
epoch_iter=2880
epoch_iter=2896
epoch_iter=2912
epoch_iter=2928
epoch_iter=2944
epoch_iter=2960
epoch_iter=2976
epoch_iter=2992
epoch_iter=3008
epoch_iter=3024
epoch_iter=3040
epoch_iter=3056
epoch_iter=3072
epoch_iter=3088
epoch_iter=3104
epoch_iter=3120
epoch_iter=3136
epoch_iter=3152
epoch_iter=3168
epoch_iter=3184
epoch_iter=3200
epoch_iter=3216
epoch_iter=3232
epoch_iter=3248
epoch_iter=3264
epoch_iter=3280
epoch_iter=3296
epoch_iter=3312
epoch_iter=3328
epoch_iter=3344
epoch_iter=3360
epoch_iter=3376
epoch_iter=3392
epoch_iter=3408
epoch_iter=3424
epoch_iter=3440
epoch_iter=3456
epoch_iter=3472
epoch_iter=3488
epoch_iter=3504
epoch_iter=3520
epoch_iter=3536
epoch_iter=3552
epoch_iter=3568
epoch_iter=3584
epoch_iter=3600
Epoch 12 finished at 2026_01_09_07_04_44
(Val @ epoch 12) acc: 0.525; ap: 0.5027995391254088
Saving model ./checkpoints/1class-resnet-horse_small-lr005bs162026_01_09_06_44_29/model_epoch_12.pth
Epoch 13 started at 2026_01_09_07_04_48
True 0 NVIDIA GeForce RTX 5070 Laptop GPU
epoch_iter=16
epoch_iter=32
epoch_iter=48
epoch_iter=64
epoch_iter=80
epoch_iter=96
epoch_iter=112
epoch_iter=128
epoch_iter=144
epoch_iter=160
epoch_iter=176
epoch_iter=192
epoch_iter=208
epoch_iter=224
epoch_iter=240
epoch_iter=256
epoch_iter=272
epoch_iter=288
epoch_iter=304
epoch_iter=320
epoch_iter=336
epoch_iter=352
epoch_iter=368
epoch_iter=384
epoch_iter=400
epoch_iter=416
epoch_iter=432
epoch_iter=448
epoch_iter=464
epoch_iter=480
epoch_iter=496
epoch_iter=512
epoch_iter=528
epoch_iter=544
epoch_iter=560
epoch_iter=576
epoch_iter=592
epoch_iter=608
epoch_iter=624
epoch_iter=640
epoch_iter=656
epoch_iter=672
epoch_iter=688
epoch_iter=704
epoch_iter=720
epoch_iter=736
epoch_iter=752
epoch_iter=768
epoch_iter=784
epoch_iter=800
epoch_iter=816
epoch_iter=832
epoch_iter=848
epoch_iter=864
epoch_iter=880
epoch_iter=896
epoch_iter=912
epoch_iter=928
epoch_iter=944
epoch_iter=960
epoch_iter=976
epoch_iter=992
epoch_iter=1008
epoch_iter=1024
epoch_iter=1040
epoch_iter=1056
epoch_iter=1072
epoch_iter=1088
epoch_iter=1104
epoch_iter=1120
epoch_iter=1136
epoch_iter=1152
epoch_iter=1168
epoch_iter=1184
epoch_iter=1200
epoch_iter=1216
epoch_iter=1232
epoch_iter=1248
epoch_iter=1264
epoch_iter=1280
epoch_iter=1296
epoch_iter=1312
epoch_iter=1328
epoch_iter=1344
epoch_iter=1360
epoch_iter=1376
epoch_iter=1392
epoch_iter=1408
epoch_iter=1424
epoch_iter=1440
epoch_iter=1456
epoch_iter=1472
epoch_iter=1488
epoch_iter=1504
epoch_iter=1520
epoch_iter=1536
epoch_iter=1552
epoch_iter=1568
epoch_iter=1584
epoch_iter=1600
epoch_iter=1616
epoch_iter=1632
epoch_iter=1648
epoch_iter=1664
epoch_iter=1680
epoch_iter=1696
epoch_iter=1712
epoch_iter=1728
epoch_iter=1744
epoch_iter=1760
epoch_iter=1776
epoch_iter=1792
epoch_iter=1808
epoch_iter=1824
epoch_iter=1840
epoch_iter=1856
epoch_iter=1872
epoch_iter=1888
epoch_iter=1904
epoch_iter=1920
epoch_iter=1936
epoch_iter=1952
epoch_iter=1968
epoch_iter=1984
epoch_iter=2000
epoch_iter=2016
epoch_iter=2032
epoch_iter=2048
epoch_iter=2064
epoch_iter=2080
epoch_iter=2096
epoch_iter=2112
epoch_iter=2128
epoch_iter=2144
epoch_iter=2160
epoch_iter=2176
epoch_iter=2192
epoch_iter=2208
epoch_iter=2224
epoch_iter=2240
epoch_iter=2256
epoch_iter=2272
epoch_iter=2288
epoch_iter=2304
epoch_iter=2320
epoch_iter=2336
epoch_iter=2352
epoch_iter=2368
epoch_iter=2384
epoch_iter=2400
epoch_iter=2416
epoch_iter=2432
epoch_iter=2448
epoch_iter=2464
epoch_iter=2480
epoch_iter=2496
epoch_iter=2512
epoch_iter=2528
epoch_iter=2544
epoch_iter=2560
epoch_iter=2576
epoch_iter=2592
epoch_iter=2608
epoch_iter=2624
epoch_iter=2640
epoch_iter=2656
epoch_iter=2672
epoch_iter=2688
epoch_iter=2704
epoch_iter=2720
epoch_iter=2736
epoch_iter=2752
epoch_iter=2768
epoch_iter=2784
epoch_iter=2800
epoch_iter=2816
epoch_iter=2832
epoch_iter=2848
epoch_iter=2864
epoch_iter=2880
epoch_iter=2896
epoch_iter=2912
epoch_iter=2928
epoch_iter=2944
epoch_iter=2960
epoch_iter=2976
epoch_iter=2992
epoch_iter=3008
epoch_iter=3024
epoch_iter=3040
epoch_iter=3056
epoch_iter=3072
epoch_iter=3088
epoch_iter=3104
epoch_iter=3120
epoch_iter=3136
epoch_iter=3152
epoch_iter=3168
epoch_iter=3184
epoch_iter=3200
epoch_iter=3216
epoch_iter=3232
epoch_iter=3248
epoch_iter=3264
epoch_iter=3280
epoch_iter=3296
epoch_iter=3312
epoch_iter=3328
epoch_iter=3344
epoch_iter=3360
epoch_iter=3376
epoch_iter=3392
epoch_iter=3408
epoch_iter=3424
epoch_iter=3440
epoch_iter=3456
epoch_iter=3472
epoch_iter=3488
epoch_iter=3504
epoch_iter=3520
epoch_iter=3536
epoch_iter=3552
epoch_iter=3568
epoch_iter=3584
epoch_iter=3600
Epoch 13 finished at 2026_01_09_07_06_17
(Val @ epoch 13) acc: 0.4825; ap: 0.5288994181194185
Saving model ./checkpoints/1class-resnet-horse_small-lr005bs162026_01_09_06_44_29/model_epoch_13.pth
Epoch 14 started at 2026_01_09_07_06_21
True 0 NVIDIA GeForce RTX 5070 Laptop GPU
epoch_iter=16
epoch_iter=32
epoch_iter=48
epoch_iter=64
epoch_iter=80
epoch_iter=96
epoch_iter=112
epoch_iter=128
epoch_iter=144
epoch_iter=160
epoch_iter=176
epoch_iter=192
epoch_iter=208
epoch_iter=224
epoch_iter=240
epoch_iter=256
epoch_iter=272
epoch_iter=288
epoch_iter=304
epoch_iter=320
epoch_iter=336
epoch_iter=352
epoch_iter=368
epoch_iter=384
epoch_iter=400
epoch_iter=416
epoch_iter=432
epoch_iter=448
epoch_iter=464
epoch_iter=480
epoch_iter=496
epoch_iter=512
epoch_iter=528
epoch_iter=544
epoch_iter=560
epoch_iter=576
epoch_iter=592
epoch_iter=608
epoch_iter=624
epoch_iter=640
epoch_iter=656
epoch_iter=672
epoch_iter=688
epoch_iter=704
epoch_iter=720
epoch_iter=736
epoch_iter=752
epoch_iter=768
epoch_iter=784
epoch_iter=800
2026_01_09_07_06_41 Train loss: 0.7254364490509033 at step: 3200 lr 0.004
epoch_iter=816
epoch_iter=832
epoch_iter=848
epoch_iter=864
epoch_iter=880
epoch_iter=896
epoch_iter=912
epoch_iter=928
epoch_iter=944
epoch_iter=960
epoch_iter=976
epoch_iter=992
epoch_iter=1008
epoch_iter=1024
epoch_iter=1040
epoch_iter=1056
epoch_iter=1072
epoch_iter=1088
epoch_iter=1104
epoch_iter=1120
epoch_iter=1136
epoch_iter=1152
epoch_iter=1168
epoch_iter=1184
epoch_iter=1200
epoch_iter=1216
epoch_iter=1232
epoch_iter=1248
epoch_iter=1264
epoch_iter=1280
epoch_iter=1296
epoch_iter=1312
epoch_iter=1328
epoch_iter=1344
epoch_iter=1360
epoch_iter=1376
epoch_iter=1392
epoch_iter=1408
epoch_iter=1424
epoch_iter=1440
epoch_iter=1456
epoch_iter=1472
epoch_iter=1488
epoch_iter=1504
epoch_iter=1520
epoch_iter=1536
epoch_iter=1552
epoch_iter=1568
epoch_iter=1584
epoch_iter=1600
epoch_iter=1616
epoch_iter=1632
epoch_iter=1648
epoch_iter=1664
epoch_iter=1680
epoch_iter=1696
epoch_iter=1712
epoch_iter=1728
epoch_iter=1744
epoch_iter=1760
epoch_iter=1776
epoch_iter=1792
epoch_iter=1808
epoch_iter=1824
epoch_iter=1840
epoch_iter=1856
epoch_iter=1872
epoch_iter=1888
epoch_iter=1904
epoch_iter=1920
epoch_iter=1936
epoch_iter=1952
epoch_iter=1968
epoch_iter=1984
epoch_iter=2000
epoch_iter=2016
epoch_iter=2032
epoch_iter=2048
epoch_iter=2064
epoch_iter=2080
epoch_iter=2096
epoch_iter=2112
epoch_iter=2128
epoch_iter=2144
epoch_iter=2160
epoch_iter=2176
epoch_iter=2192
epoch_iter=2208
epoch_iter=2224
epoch_iter=2240
epoch_iter=2256
epoch_iter=2272
epoch_iter=2288
epoch_iter=2304
epoch_iter=2320
epoch_iter=2336
epoch_iter=2352
epoch_iter=2368
epoch_iter=2384
epoch_iter=2400
epoch_iter=2416
epoch_iter=2432
epoch_iter=2448
epoch_iter=2464
epoch_iter=2480
epoch_iter=2496
epoch_iter=2512
epoch_iter=2528
epoch_iter=2544
epoch_iter=2560
epoch_iter=2576
epoch_iter=2592
epoch_iter=2608
epoch_iter=2624
epoch_iter=2640
epoch_iter=2656
epoch_iter=2672
epoch_iter=2688
epoch_iter=2704
epoch_iter=2720
epoch_iter=2736
epoch_iter=2752
epoch_iter=2768
epoch_iter=2784
epoch_iter=2800
epoch_iter=2816
epoch_iter=2832
epoch_iter=2848
epoch_iter=2864
epoch_iter=2880
epoch_iter=2896
epoch_iter=2912
epoch_iter=2928
epoch_iter=2944
epoch_iter=2960
epoch_iter=2976
epoch_iter=2992
epoch_iter=3008
epoch_iter=3024
epoch_iter=3040
epoch_iter=3056
epoch_iter=3072
epoch_iter=3088
epoch_iter=3104
epoch_iter=3120
epoch_iter=3136
epoch_iter=3152
epoch_iter=3168
epoch_iter=3184
epoch_iter=3200
epoch_iter=3216
epoch_iter=3232
epoch_iter=3248
epoch_iter=3264
epoch_iter=3280
epoch_iter=3296
epoch_iter=3312
epoch_iter=3328
epoch_iter=3344
epoch_iter=3360
epoch_iter=3376
epoch_iter=3392
epoch_iter=3408
epoch_iter=3424
epoch_iter=3440
epoch_iter=3456
epoch_iter=3472
epoch_iter=3488
epoch_iter=3504
epoch_iter=3520
epoch_iter=3536
epoch_iter=3552
epoch_iter=3568
epoch_iter=3584
epoch_iter=3600
Epoch 14 finished at 2026_01_09_07_07_50
(Val @ epoch 14) acc: 0.5; ap: 0.5084431208203488
Saving model ./checkpoints/1class-resnet-horse_small-lr005bs162026_01_09_06_44_29/model_epoch_14.pth
Epoch 15 started at 2026_01_09_07_07_54
True 0 NVIDIA GeForce RTX 5070 Laptop GPU
epoch_iter=16
epoch_iter=32
epoch_iter=48
epoch_iter=64
epoch_iter=80
epoch_iter=96
epoch_iter=112
epoch_iter=128
epoch_iter=144
epoch_iter=160
epoch_iter=176
epoch_iter=192
epoch_iter=208
epoch_iter=224
epoch_iter=240
epoch_iter=256
epoch_iter=272
epoch_iter=288
epoch_iter=304
epoch_iter=320
epoch_iter=336
epoch_iter=352
epoch_iter=368
epoch_iter=384
epoch_iter=400
epoch_iter=416
epoch_iter=432
epoch_iter=448
epoch_iter=464
epoch_iter=480
epoch_iter=496
epoch_iter=512
epoch_iter=528
epoch_iter=544
epoch_iter=560
epoch_iter=576
epoch_iter=592
epoch_iter=608
epoch_iter=624
epoch_iter=640
epoch_iter=656
epoch_iter=672
epoch_iter=688
epoch_iter=704
epoch_iter=720
epoch_iter=736
epoch_iter=752
epoch_iter=768
epoch_iter=784
epoch_iter=800
epoch_iter=816
epoch_iter=832
epoch_iter=848
epoch_iter=864
epoch_iter=880
epoch_iter=896
epoch_iter=912
epoch_iter=928
epoch_iter=944
epoch_iter=960
epoch_iter=976
epoch_iter=992
epoch_iter=1008
epoch_iter=1024
epoch_iter=1040
epoch_iter=1056
epoch_iter=1072
epoch_iter=1088
epoch_iter=1104
epoch_iter=1120
epoch_iter=1136
epoch_iter=1152
epoch_iter=1168
epoch_iter=1184
epoch_iter=1200
epoch_iter=1216
epoch_iter=1232
epoch_iter=1248
epoch_iter=1264
epoch_iter=1280
epoch_iter=1296
epoch_iter=1312
epoch_iter=1328
epoch_iter=1344
epoch_iter=1360
epoch_iter=1376
epoch_iter=1392
epoch_iter=1408
epoch_iter=1424
epoch_iter=1440
epoch_iter=1456
epoch_iter=1472
epoch_iter=1488
epoch_iter=1504
epoch_iter=1520
epoch_iter=1536
epoch_iter=1552
epoch_iter=1568
epoch_iter=1584
epoch_iter=1600
epoch_iter=1616
epoch_iter=1632
epoch_iter=1648
epoch_iter=1664
epoch_iter=1680
epoch_iter=1696
epoch_iter=1712
epoch_iter=1728
epoch_iter=1744
epoch_iter=1760
epoch_iter=1776
epoch_iter=1792
epoch_iter=1808
epoch_iter=1824
epoch_iter=1840
epoch_iter=1856
epoch_iter=1872
epoch_iter=1888
epoch_iter=1904
epoch_iter=1920
epoch_iter=1936
epoch_iter=1952
epoch_iter=1968
epoch_iter=1984
epoch_iter=2000
epoch_iter=2016
epoch_iter=2032
epoch_iter=2048
epoch_iter=2064
epoch_iter=2080
epoch_iter=2096
epoch_iter=2112
epoch_iter=2128
epoch_iter=2144
epoch_iter=2160
epoch_iter=2176
epoch_iter=2192
epoch_iter=2208
epoch_iter=2224
epoch_iter=2240
epoch_iter=2256
epoch_iter=2272
epoch_iter=2288
epoch_iter=2304
epoch_iter=2320
epoch_iter=2336
epoch_iter=2352
epoch_iter=2368
epoch_iter=2384
epoch_iter=2400
epoch_iter=2416
epoch_iter=2432
epoch_iter=2448
epoch_iter=2464
epoch_iter=2480
epoch_iter=2496
epoch_iter=2512
epoch_iter=2528
epoch_iter=2544
epoch_iter=2560
epoch_iter=2576
epoch_iter=2592
epoch_iter=2608
epoch_iter=2624
epoch_iter=2640
epoch_iter=2656
epoch_iter=2672
epoch_iter=2688
epoch_iter=2704
epoch_iter=2720
epoch_iter=2736
epoch_iter=2752
epoch_iter=2768
epoch_iter=2784
epoch_iter=2800
epoch_iter=2816
epoch_iter=2832
epoch_iter=2848
epoch_iter=2864
epoch_iter=2880
epoch_iter=2896
epoch_iter=2912
epoch_iter=2928
epoch_iter=2944
epoch_iter=2960
epoch_iter=2976
epoch_iter=2992
epoch_iter=3008
epoch_iter=3024
epoch_iter=3040
epoch_iter=3056
epoch_iter=3072
epoch_iter=3088
epoch_iter=3104
epoch_iter=3120
epoch_iter=3136
epoch_iter=3152
epoch_iter=3168
epoch_iter=3184
epoch_iter=3200
epoch_iter=3216
epoch_iter=3232
epoch_iter=3248
epoch_iter=3264
epoch_iter=3280
epoch_iter=3296
epoch_iter=3312
epoch_iter=3328
epoch_iter=3344
epoch_iter=3360
epoch_iter=3376
epoch_iter=3392
epoch_iter=3408
epoch_iter=3424
epoch_iter=3440
epoch_iter=3456
epoch_iter=3472
epoch_iter=3488
epoch_iter=3504
epoch_iter=3520
epoch_iter=3536
epoch_iter=3552
epoch_iter=3568
epoch_iter=3584
epoch_iter=3600
2026_01_09_07_09_23 Train loss: 0.6976600885391235 at step: 3600 lr 0.004
Epoch 15 finished at 2026_01_09_07_09_24
(Val @ epoch 15) acc: 0.515; ap: 0.5123711595567273
Saving model ./checkpoints/1class-resnet-horse_small-lr005bs162026_01_09_06_44_29/model_epoch_15.pth
Epoch 16 started at 2026_01_09_07_09_28
True 0 NVIDIA GeForce RTX 5070 Laptop GPU
epoch_iter=16
epoch_iter=32
epoch_iter=48
epoch_iter=64
epoch_iter=80
epoch_iter=96
epoch_iter=112
epoch_iter=128
epoch_iter=144
epoch_iter=160
epoch_iter=176
epoch_iter=192
epoch_iter=208
epoch_iter=224
epoch_iter=240
epoch_iter=256
epoch_iter=272
epoch_iter=288
epoch_iter=304
epoch_iter=320
epoch_iter=336
epoch_iter=352
epoch_iter=368
epoch_iter=384
epoch_iter=400
epoch_iter=416
epoch_iter=432
epoch_iter=448
epoch_iter=464
epoch_iter=480
epoch_iter=496
epoch_iter=512
epoch_iter=528
epoch_iter=544
epoch_iter=560
epoch_iter=576
epoch_iter=592
epoch_iter=608
epoch_iter=624
epoch_iter=640
epoch_iter=656
epoch_iter=672
epoch_iter=688
epoch_iter=704
epoch_iter=720
epoch_iter=736
epoch_iter=752
epoch_iter=768
epoch_iter=784
epoch_iter=800
epoch_iter=816
epoch_iter=832
epoch_iter=848
epoch_iter=864
epoch_iter=880
epoch_iter=896
epoch_iter=912
epoch_iter=928
epoch_iter=944
epoch_iter=960
epoch_iter=976
epoch_iter=992
epoch_iter=1008
epoch_iter=1024
epoch_iter=1040
epoch_iter=1056
epoch_iter=1072
epoch_iter=1088
epoch_iter=1104
epoch_iter=1120
epoch_iter=1136
epoch_iter=1152
epoch_iter=1168
epoch_iter=1184
epoch_iter=1200
epoch_iter=1216
epoch_iter=1232
epoch_iter=1248
epoch_iter=1264
epoch_iter=1280
epoch_iter=1296
epoch_iter=1312
epoch_iter=1328
epoch_iter=1344
epoch_iter=1360
epoch_iter=1376
epoch_iter=1392
epoch_iter=1408
epoch_iter=1424
epoch_iter=1440
epoch_iter=1456
epoch_iter=1472
epoch_iter=1488
epoch_iter=1504
epoch_iter=1520
epoch_iter=1536
epoch_iter=1552
epoch_iter=1568
epoch_iter=1584
epoch_iter=1600
epoch_iter=1616
epoch_iter=1632
epoch_iter=1648
epoch_iter=1664
epoch_iter=1680
epoch_iter=1696
epoch_iter=1712
epoch_iter=1728
epoch_iter=1744
epoch_iter=1760
epoch_iter=1776
epoch_iter=1792
epoch_iter=1808
epoch_iter=1824
epoch_iter=1840
epoch_iter=1856
epoch_iter=1872
epoch_iter=1888
epoch_iter=1904
epoch_iter=1920
epoch_iter=1936
epoch_iter=1952
epoch_iter=1968
epoch_iter=1984
epoch_iter=2000
epoch_iter=2016
epoch_iter=2032
epoch_iter=2048
epoch_iter=2064
epoch_iter=2080
epoch_iter=2096
epoch_iter=2112
epoch_iter=2128
epoch_iter=2144
epoch_iter=2160
epoch_iter=2176
epoch_iter=2192
epoch_iter=2208
epoch_iter=2224
epoch_iter=2240
epoch_iter=2256
epoch_iter=2272
epoch_iter=2288
epoch_iter=2304
epoch_iter=2320
epoch_iter=2336
epoch_iter=2352
epoch_iter=2368
epoch_iter=2384
epoch_iter=2400
epoch_iter=2416
epoch_iter=2432
epoch_iter=2448
epoch_iter=2464
epoch_iter=2480
epoch_iter=2496
epoch_iter=2512
epoch_iter=2528
epoch_iter=2544
epoch_iter=2560
epoch_iter=2576
epoch_iter=2592
epoch_iter=2608
epoch_iter=2624
epoch_iter=2640
epoch_iter=2656
epoch_iter=2672
epoch_iter=2688
epoch_iter=2704
epoch_iter=2720
epoch_iter=2736
epoch_iter=2752
epoch_iter=2768
epoch_iter=2784
epoch_iter=2800
epoch_iter=2816
epoch_iter=2832
epoch_iter=2848
epoch_iter=2864
epoch_iter=2880
epoch_iter=2896
epoch_iter=2912
epoch_iter=2928
epoch_iter=2944
epoch_iter=2960
epoch_iter=2976
epoch_iter=2992
epoch_iter=3008
epoch_iter=3024
epoch_iter=3040
epoch_iter=3056
epoch_iter=3072
epoch_iter=3088
epoch_iter=3104
epoch_iter=3120
epoch_iter=3136
epoch_iter=3152
epoch_iter=3168
epoch_iter=3184
epoch_iter=3200
epoch_iter=3216
epoch_iter=3232
epoch_iter=3248
epoch_iter=3264
epoch_iter=3280
epoch_iter=3296
epoch_iter=3312
epoch_iter=3328
epoch_iter=3344
epoch_iter=3360
epoch_iter=3376
epoch_iter=3392
epoch_iter=3408
epoch_iter=3424
epoch_iter=3440
epoch_iter=3456
epoch_iter=3472
epoch_iter=3488
epoch_iter=3504
epoch_iter=3520
epoch_iter=3536
epoch_iter=3552
epoch_iter=3568
epoch_iter=3584
epoch_iter=3600
Epoch 16 finished at 2026_01_09_07_10_57
(Val @ epoch 16) acc: 0.4925; ap: 0.488736224764434
Saving model ./checkpoints/1class-resnet-horse_small-lr005bs162026_01_09_06_44_29/model_epoch_16.pth
Epoch 17 started at 2026_01_09_07_11_01
True 0 NVIDIA GeForce RTX 5070 Laptop GPU
epoch_iter=16
epoch_iter=32
epoch_iter=48
epoch_iter=64
epoch_iter=80
epoch_iter=96
epoch_iter=112
epoch_iter=128
epoch_iter=144
epoch_iter=160
epoch_iter=176
epoch_iter=192
epoch_iter=208
epoch_iter=224
epoch_iter=240
epoch_iter=256
epoch_iter=272
epoch_iter=288
epoch_iter=304
epoch_iter=320
epoch_iter=336
epoch_iter=352
epoch_iter=368
epoch_iter=384
epoch_iter=400
epoch_iter=416
epoch_iter=432
epoch_iter=448
epoch_iter=464
epoch_iter=480
epoch_iter=496
epoch_iter=512
epoch_iter=528
epoch_iter=544
epoch_iter=560
epoch_iter=576
epoch_iter=592
epoch_iter=608
epoch_iter=624
epoch_iter=640
epoch_iter=656
epoch_iter=672
epoch_iter=688
epoch_iter=704
epoch_iter=720
epoch_iter=736
epoch_iter=752
epoch_iter=768
epoch_iter=784
epoch_iter=800
epoch_iter=816
epoch_iter=832
epoch_iter=848
epoch_iter=864
epoch_iter=880
epoch_iter=896
epoch_iter=912
epoch_iter=928
epoch_iter=944
epoch_iter=960
epoch_iter=976
epoch_iter=992
epoch_iter=1008
epoch_iter=1024
epoch_iter=1040
epoch_iter=1056
epoch_iter=1072
epoch_iter=1088
epoch_iter=1104
epoch_iter=1120
epoch_iter=1136
epoch_iter=1152
epoch_iter=1168
epoch_iter=1184
epoch_iter=1200
epoch_iter=1216
epoch_iter=1232
epoch_iter=1248
epoch_iter=1264
epoch_iter=1280
epoch_iter=1296
epoch_iter=1312
epoch_iter=1328
epoch_iter=1344
epoch_iter=1360
epoch_iter=1376
epoch_iter=1392
epoch_iter=1408
epoch_iter=1424
epoch_iter=1440
epoch_iter=1456
epoch_iter=1472
epoch_iter=1488
epoch_iter=1504
epoch_iter=1520
epoch_iter=1536
epoch_iter=1552
epoch_iter=1568
epoch_iter=1584
epoch_iter=1600
epoch_iter=1616
epoch_iter=1632
epoch_iter=1648
epoch_iter=1664
epoch_iter=1680
epoch_iter=1696
epoch_iter=1712
epoch_iter=1728
epoch_iter=1744
epoch_iter=1760
epoch_iter=1776
epoch_iter=1792
epoch_iter=1808
epoch_iter=1824
epoch_iter=1840
epoch_iter=1856
epoch_iter=1872
epoch_iter=1888
epoch_iter=1904
epoch_iter=1920
epoch_iter=1936
epoch_iter=1952
epoch_iter=1968
epoch_iter=1984
epoch_iter=2000
epoch_iter=2016
epoch_iter=2032
epoch_iter=2048
epoch_iter=2064
epoch_iter=2080
epoch_iter=2096
epoch_iter=2112
epoch_iter=2128
epoch_iter=2144
epoch_iter=2160
epoch_iter=2176
epoch_iter=2192
epoch_iter=2208
epoch_iter=2224
epoch_iter=2240
epoch_iter=2256
epoch_iter=2272
epoch_iter=2288
epoch_iter=2304
epoch_iter=2320
epoch_iter=2336
epoch_iter=2352
epoch_iter=2368
epoch_iter=2384
epoch_iter=2400
epoch_iter=2416
epoch_iter=2432
epoch_iter=2448
epoch_iter=2464
epoch_iter=2480
epoch_iter=2496
epoch_iter=2512
epoch_iter=2528
epoch_iter=2544
epoch_iter=2560
epoch_iter=2576
epoch_iter=2592
epoch_iter=2608
epoch_iter=2624
epoch_iter=2640
epoch_iter=2656
epoch_iter=2672
epoch_iter=2688
epoch_iter=2704
epoch_iter=2720
epoch_iter=2736
epoch_iter=2752
epoch_iter=2768
epoch_iter=2784
epoch_iter=2800
2026_01_09_07_12_10 Train loss: 0.6906644105911255 at step: 4000 lr 0.004
epoch_iter=2816
epoch_iter=2832
epoch_iter=2848
epoch_iter=2864
epoch_iter=2880
epoch_iter=2896
epoch_iter=2912
epoch_iter=2928
epoch_iter=2944
epoch_iter=2960
epoch_iter=2976
epoch_iter=2992
epoch_iter=3008
epoch_iter=3024
epoch_iter=3040
epoch_iter=3056
epoch_iter=3072
epoch_iter=3088
epoch_iter=3104
epoch_iter=3120
epoch_iter=3136
epoch_iter=3152
epoch_iter=3168
epoch_iter=3184
epoch_iter=3200
epoch_iter=3216
epoch_iter=3232
epoch_iter=3248
epoch_iter=3264
epoch_iter=3280
epoch_iter=3296
epoch_iter=3312
epoch_iter=3328
epoch_iter=3344
epoch_iter=3360
epoch_iter=3376
epoch_iter=3392
epoch_iter=3408
epoch_iter=3424
epoch_iter=3440
epoch_iter=3456
epoch_iter=3472
epoch_iter=3488
epoch_iter=3504
epoch_iter=3520
epoch_iter=3536
epoch_iter=3552
epoch_iter=3568
epoch_iter=3584
epoch_iter=3600
Epoch 17 finished at 2026_01_09_07_12_30
(Val @ epoch 17) acc: 0.5; ap: 0.4578481101596699
Saving model ./checkpoints/1class-resnet-horse_small-lr005bs162026_01_09_06_44_29/model_epoch_17.pth
Epoch 18 started at 2026_01_09_07_12_34
True 0 NVIDIA GeForce RTX 5070 Laptop GPU
epoch_iter=16
epoch_iter=32
epoch_iter=48
epoch_iter=64
epoch_iter=80
epoch_iter=96
epoch_iter=112
epoch_iter=128
epoch_iter=144
epoch_iter=160
epoch_iter=176
epoch_iter=192
epoch_iter=208
epoch_iter=224
epoch_iter=240
epoch_iter=256
epoch_iter=272
epoch_iter=288
epoch_iter=304
epoch_iter=320
epoch_iter=336
epoch_iter=352
epoch_iter=368
epoch_iter=384
epoch_iter=400
epoch_iter=416
epoch_iter=432
epoch_iter=448
epoch_iter=464
epoch_iter=480
epoch_iter=496
epoch_iter=512
epoch_iter=528
epoch_iter=544
epoch_iter=560
epoch_iter=576
epoch_iter=592
epoch_iter=608
epoch_iter=624
epoch_iter=640
epoch_iter=656
epoch_iter=672
epoch_iter=688
epoch_iter=704
epoch_iter=720
epoch_iter=736
epoch_iter=752
epoch_iter=768
epoch_iter=784
epoch_iter=800
epoch_iter=816
epoch_iter=832
epoch_iter=848
epoch_iter=864
epoch_iter=880
epoch_iter=896
epoch_iter=912
epoch_iter=928
epoch_iter=944
epoch_iter=960
epoch_iter=976
epoch_iter=992
epoch_iter=1008
epoch_iter=1024
epoch_iter=1040
epoch_iter=1056
epoch_iter=1072
epoch_iter=1088
epoch_iter=1104
epoch_iter=1120
epoch_iter=1136
epoch_iter=1152
epoch_iter=1168
epoch_iter=1184
epoch_iter=1200
epoch_iter=1216
epoch_iter=1232
epoch_iter=1248
epoch_iter=1264
epoch_iter=1280
epoch_iter=1296
epoch_iter=1312
epoch_iter=1328
epoch_iter=1344
epoch_iter=1360
epoch_iter=1376
epoch_iter=1392
epoch_iter=1408
epoch_iter=1424
epoch_iter=1440
epoch_iter=1456
epoch_iter=1472
epoch_iter=1488
epoch_iter=1504
epoch_iter=1520
epoch_iter=1536
epoch_iter=1552
epoch_iter=1568
epoch_iter=1584
epoch_iter=1600
epoch_iter=1616
epoch_iter=1632
epoch_iter=1648
epoch_iter=1664
epoch_iter=1680
epoch_iter=1696
epoch_iter=1712
epoch_iter=1728
epoch_iter=1744
epoch_iter=1760
epoch_iter=1776
epoch_iter=1792
epoch_iter=1808
epoch_iter=1824
epoch_iter=1840
epoch_iter=1856
epoch_iter=1872
epoch_iter=1888
epoch_iter=1904
epoch_iter=1920
epoch_iter=1936
epoch_iter=1952
epoch_iter=1968
epoch_iter=1984
epoch_iter=2000
epoch_iter=2016
epoch_iter=2032
epoch_iter=2048
epoch_iter=2064
epoch_iter=2080
epoch_iter=2096
epoch_iter=2112
epoch_iter=2128
epoch_iter=2144
epoch_iter=2160
epoch_iter=2176
epoch_iter=2192
epoch_iter=2208
epoch_iter=2224
epoch_iter=2240
epoch_iter=2256
epoch_iter=2272
epoch_iter=2288
epoch_iter=2304
epoch_iter=2320
epoch_iter=2336
epoch_iter=2352
epoch_iter=2368
epoch_iter=2384
epoch_iter=2400
epoch_iter=2416
epoch_iter=2432
epoch_iter=2448
epoch_iter=2464
epoch_iter=2480
epoch_iter=2496
epoch_iter=2512
epoch_iter=2528
epoch_iter=2544
epoch_iter=2560
epoch_iter=2576
epoch_iter=2592
epoch_iter=2608
epoch_iter=2624
epoch_iter=2640
epoch_iter=2656
epoch_iter=2672
epoch_iter=2688
epoch_iter=2704
epoch_iter=2720
epoch_iter=2736
epoch_iter=2752
epoch_iter=2768
epoch_iter=2784
epoch_iter=2800
epoch_iter=2816
epoch_iter=2832
epoch_iter=2848
epoch_iter=2864
epoch_iter=2880
epoch_iter=2896
epoch_iter=2912
epoch_iter=2928
epoch_iter=2944
epoch_iter=2960
epoch_iter=2976
epoch_iter=2992
epoch_iter=3008
epoch_iter=3024
epoch_iter=3040
epoch_iter=3056
epoch_iter=3072
epoch_iter=3088
epoch_iter=3104
epoch_iter=3120
epoch_iter=3136
epoch_iter=3152
epoch_iter=3168
epoch_iter=3184
epoch_iter=3200
epoch_iter=3216
epoch_iter=3232
epoch_iter=3248
epoch_iter=3264
epoch_iter=3280
epoch_iter=3296
epoch_iter=3312
epoch_iter=3328
epoch_iter=3344
epoch_iter=3360
epoch_iter=3376
epoch_iter=3392
epoch_iter=3408
epoch_iter=3424
epoch_iter=3440
epoch_iter=3456
epoch_iter=3472
epoch_iter=3488
epoch_iter=3504
epoch_iter=3520
epoch_iter=3536
epoch_iter=3552
epoch_iter=3568
epoch_iter=3584
epoch_iter=3600
Epoch 18 finished at 2026_01_09_07_14_03
(Val @ epoch 18) acc: 0.535; ap: 0.5457881696254325
Saving model ./checkpoints/1class-resnet-horse_small-lr005bs162026_01_09_06_44_29/model_epoch_18.pth
Epoch 19 started at 2026_01_09_07_14_08
True 0 NVIDIA GeForce RTX 5070 Laptop GPU
epoch_iter=16
epoch_iter=32
epoch_iter=48
epoch_iter=64
epoch_iter=80
epoch_iter=96
epoch_iter=112
epoch_iter=128
epoch_iter=144
epoch_iter=160
epoch_iter=176
epoch_iter=192
epoch_iter=208
epoch_iter=224
epoch_iter=240
epoch_iter=256
epoch_iter=272
epoch_iter=288
epoch_iter=304
epoch_iter=320
epoch_iter=336
epoch_iter=352
epoch_iter=368
epoch_iter=384
epoch_iter=400
epoch_iter=416
epoch_iter=432
epoch_iter=448
epoch_iter=464
epoch_iter=480
epoch_iter=496
epoch_iter=512
epoch_iter=528
epoch_iter=544
epoch_iter=560
epoch_iter=576
epoch_iter=592
epoch_iter=608
epoch_iter=624
epoch_iter=640
epoch_iter=656
epoch_iter=672
epoch_iter=688
epoch_iter=704
epoch_iter=720
epoch_iter=736
epoch_iter=752
epoch_iter=768
epoch_iter=784
epoch_iter=800
epoch_iter=816
epoch_iter=832
epoch_iter=848
epoch_iter=864
epoch_iter=880
epoch_iter=896
epoch_iter=912
epoch_iter=928
epoch_iter=944
epoch_iter=960
epoch_iter=976
epoch_iter=992
epoch_iter=1008
epoch_iter=1024
epoch_iter=1040
epoch_iter=1056
epoch_iter=1072
epoch_iter=1088
epoch_iter=1104
epoch_iter=1120
epoch_iter=1136
epoch_iter=1152
epoch_iter=1168
epoch_iter=1184
epoch_iter=1200
epoch_iter=1216
epoch_iter=1232
epoch_iter=1248
epoch_iter=1264
epoch_iter=1280
epoch_iter=1296
epoch_iter=1312
epoch_iter=1328
epoch_iter=1344
epoch_iter=1360
epoch_iter=1376
epoch_iter=1392
epoch_iter=1408
epoch_iter=1424
epoch_iter=1440
epoch_iter=1456
epoch_iter=1472
epoch_iter=1488
epoch_iter=1504
epoch_iter=1520
epoch_iter=1536
epoch_iter=1552
epoch_iter=1568
epoch_iter=1584
epoch_iter=1600
epoch_iter=1616
epoch_iter=1632
epoch_iter=1648
epoch_iter=1664
epoch_iter=1680
epoch_iter=1696
epoch_iter=1712
epoch_iter=1728
epoch_iter=1744
epoch_iter=1760
epoch_iter=1776
epoch_iter=1792
epoch_iter=1808
epoch_iter=1824
epoch_iter=1840
epoch_iter=1856
epoch_iter=1872
epoch_iter=1888
epoch_iter=1904
epoch_iter=1920
epoch_iter=1936
epoch_iter=1952
epoch_iter=1968
epoch_iter=1984
epoch_iter=2000
2026_01_09_07_14_57 Train loss: 0.6894601583480835 at step: 4400 lr 0.004
epoch_iter=2016
epoch_iter=2032
epoch_iter=2048
epoch_iter=2064
epoch_iter=2080
epoch_iter=2096
epoch_iter=2112
epoch_iter=2128
epoch_iter=2144
epoch_iter=2160
epoch_iter=2176
epoch_iter=2192
epoch_iter=2208
epoch_iter=2224
epoch_iter=2240
epoch_iter=2256
epoch_iter=2272
epoch_iter=2288
epoch_iter=2304
epoch_iter=2320
epoch_iter=2336
epoch_iter=2352
epoch_iter=2368
epoch_iter=2384
epoch_iter=2400
epoch_iter=2416
epoch_iter=2432
epoch_iter=2448
epoch_iter=2464
epoch_iter=2480
epoch_iter=2496
epoch_iter=2512
epoch_iter=2528
epoch_iter=2544
epoch_iter=2560
epoch_iter=2576
epoch_iter=2592
epoch_iter=2608
epoch_iter=2624
epoch_iter=2640
epoch_iter=2656
epoch_iter=2672
epoch_iter=2688
epoch_iter=2704
epoch_iter=2720
epoch_iter=2736
epoch_iter=2752
epoch_iter=2768
epoch_iter=2784
epoch_iter=2800
epoch_iter=2816
epoch_iter=2832
epoch_iter=2848
epoch_iter=2864
epoch_iter=2880
epoch_iter=2896
epoch_iter=2912
epoch_iter=2928
epoch_iter=2944
epoch_iter=2960
epoch_iter=2976
epoch_iter=2992
epoch_iter=3008
epoch_iter=3024
epoch_iter=3040
epoch_iter=3056
epoch_iter=3072
epoch_iter=3088
epoch_iter=3104
epoch_iter=3120
epoch_iter=3136
epoch_iter=3152
epoch_iter=3168
epoch_iter=3184
epoch_iter=3200
epoch_iter=3216
epoch_iter=3232
epoch_iter=3248
epoch_iter=3264
epoch_iter=3280
epoch_iter=3296
epoch_iter=3312
epoch_iter=3328
epoch_iter=3344
epoch_iter=3360
epoch_iter=3376
epoch_iter=3392
epoch_iter=3408
epoch_iter=3424
epoch_iter=3440
epoch_iter=3456
epoch_iter=3472
epoch_iter=3488
epoch_iter=3504
epoch_iter=3520
epoch_iter=3536
epoch_iter=3552
epoch_iter=3568
epoch_iter=3584
epoch_iter=3600
Epoch 19 finished at 2026_01_09_07_15_37
(Val @ epoch 19) acc: 0.5175; ap: 0.5129608941548354
Saving model ./checkpoints/1class-resnet-horse_small-lr005bs162026_01_09_06_44_29/model_epoch_19.pth
*************************
2026_01_09_07_15_41
