train.py  --name  1class-resnet-horse_small-lr005bs16  --dataroot  dataset/  --classes  horse_small  --batch_size  16  --delr_freq  10  --lr  0.005  --niter  20
==================== requires_grad Ture weight1
==================== requires_grad Ture bias1
==================== requires_grad Ture weight2
==================== requires_grad Ture bias2
==================== requires_grad Ture weight3
==================== requires_grad Ture bias3
==================== requires_grad Ture weight4
==================== requires_grad Ture bias4
==================== requires_grad Ture realconv1.weight
==================== requires_grad Ture imagconv1.weight
==================== requires_grad Ture realconv2.weight
==================== requires_grad Ture imagconv2.weight
==================== requires_grad Ture realconv3.weight
==================== requires_grad Ture imagconv3.weight
==================== requires_grad Ture realconv4.weight
==================== requires_grad Ture imagconv4.weight
==================== requires_grad Ture layer1.0.conv1.weight
==================== requires_grad Ture layer1.0.bn1.weight
==================== requires_grad Ture layer1.0.bn1.bias
==================== requires_grad Ture layer1.0.conv2.weight
==================== requires_grad Ture layer1.0.bn2.weight
==================== requires_grad Ture layer1.0.bn2.bias
==================== requires_grad Ture layer1.0.conv3.weight
==================== requires_grad Ture layer1.0.bn3.weight
==================== requires_grad Ture layer1.0.bn3.bias
==================== requires_grad Ture layer1.0.downsample.0.weight
==================== requires_grad Ture layer1.0.downsample.1.weight
==================== requires_grad Ture layer1.0.downsample.1.bias
==================== requires_grad Ture layer1.1.conv1.weight
==================== requires_grad Ture layer1.1.bn1.weight
==================== requires_grad Ture layer1.1.bn1.bias
==================== requires_grad Ture layer1.1.conv2.weight
==================== requires_grad Ture layer1.1.bn2.weight
==================== requires_grad Ture layer1.1.bn2.bias
==================== requires_grad Ture layer1.1.conv3.weight
==================== requires_grad Ture layer1.1.bn3.weight
==================== requires_grad Ture layer1.1.bn3.bias
==================== requires_grad Ture layer1.2.conv1.weight
==================== requires_grad Ture layer1.2.bn1.weight
==================== requires_grad Ture layer1.2.bn1.bias
==================== requires_grad Ture layer1.2.conv2.weight
==================== requires_grad Ture layer1.2.bn2.weight
==================== requires_grad Ture layer1.2.bn2.bias
==================== requires_grad Ture layer1.2.conv3.weight
==================== requires_grad Ture layer1.2.bn3.weight
==================== requires_grad Ture layer1.2.bn3.bias
==================== requires_grad Ture layer2.0.conv1.weight
==================== requires_grad Ture layer2.0.bn1.weight
==================== requires_grad Ture layer2.0.bn1.bias
==================== requires_grad Ture layer2.0.conv2.weight
==================== requires_grad Ture layer2.0.bn2.weight
==================== requires_grad Ture layer2.0.bn2.bias
==================== requires_grad Ture layer2.0.conv3.weight
==================== requires_grad Ture layer2.0.bn3.weight
==================== requires_grad Ture layer2.0.bn3.bias
==================== requires_grad Ture layer2.0.downsample.0.weight
==================== requires_grad Ture layer2.0.downsample.1.weight
==================== requires_grad Ture layer2.0.downsample.1.bias
==================== requires_grad Ture layer2.1.conv1.weight
==================== requires_grad Ture layer2.1.bn1.weight
==================== requires_grad Ture layer2.1.bn1.bias
==================== requires_grad Ture layer2.1.conv2.weight
==================== requires_grad Ture layer2.1.bn2.weight
==================== requires_grad Ture layer2.1.bn2.bias
==================== requires_grad Ture layer2.1.conv3.weight
==================== requires_grad Ture layer2.1.bn3.weight
==================== requires_grad Ture layer2.1.bn3.bias
==================== requires_grad Ture layer2.2.conv1.weight
==================== requires_grad Ture layer2.2.bn1.weight
==================== requires_grad Ture layer2.2.bn1.bias
==================== requires_grad Ture layer2.2.conv2.weight
==================== requires_grad Ture layer2.2.bn2.weight
==================== requires_grad Ture layer2.2.bn2.bias
==================== requires_grad Ture layer2.2.conv3.weight
==================== requires_grad Ture layer2.2.bn3.weight
==================== requires_grad Ture layer2.2.bn3.bias
==================== requires_grad Ture layer2.3.conv1.weight
==================== requires_grad Ture layer2.3.bn1.weight
==================== requires_grad Ture layer2.3.bn1.bias
==================== requires_grad Ture layer2.3.conv2.weight
==================== requires_grad Ture layer2.3.bn2.weight
==================== requires_grad Ture layer2.3.bn2.bias
==================== requires_grad Ture layer2.3.conv3.weight
==================== requires_grad Ture layer2.3.bn3.weight
==================== requires_grad Ture layer2.3.bn3.bias
==================== requires_grad Ture fc1.weight
==================== requires_grad Ture fc1.bias

cwd: /mnt/c/Users/ramy_/College/Computer_Vision-CS7GV1/Project/FreqNet-DeepfakeDetection
Epoch 0 started at 2026_01_09_06_35_11
True 0 NVIDIA GeForce RTX 5070 Laptop GPU
epoch_iter=16
epoch_iter=32
epoch_iter=48
epoch_iter=64
epoch_iter=80
epoch_iter=96
epoch_iter=112
epoch_iter=128
epoch_iter=144
epoch_iter=160
epoch_iter=176
epoch_iter=192
epoch_iter=208
epoch_iter=224
epoch_iter=240
epoch_iter=256
epoch_iter=272
epoch_iter=288
epoch_iter=304
epoch_iter=320
epoch_iter=336
epoch_iter=352
epoch_iter=368
epoch_iter=384
epoch_iter=400
epoch_iter=416
epoch_iter=432
epoch_iter=448
epoch_iter=464
epoch_iter=480
epoch_iter=496
epoch_iter=512
epoch_iter=528
epoch_iter=544
epoch_iter=560
epoch_iter=576
epoch_iter=592
epoch_iter=608
epoch_iter=624
epoch_iter=640
epoch_iter=656
epoch_iter=672
epoch_iter=688
epoch_iter=704
epoch_iter=720
epoch_iter=736
epoch_iter=752
epoch_iter=768
epoch_iter=784
epoch_iter=800
epoch_iter=816
epoch_iter=832
epoch_iter=848
epoch_iter=864
epoch_iter=880
epoch_iter=896
epoch_iter=912
epoch_iter=928
epoch_iter=944
epoch_iter=960
epoch_iter=976
epoch_iter=992
epoch_iter=1008
epoch_iter=1024
epoch_iter=1040
epoch_iter=1056
epoch_iter=1072
epoch_iter=1088
epoch_iter=1104
epoch_iter=1120
epoch_iter=1136
epoch_iter=1152
epoch_iter=1168
epoch_iter=1184
epoch_iter=1200
epoch_iter=1216
epoch_iter=1232
epoch_iter=1248
epoch_iter=1264
epoch_iter=1280
epoch_iter=1296
epoch_iter=1312
epoch_iter=1328
epoch_iter=1344
epoch_iter=1360
epoch_iter=1376
epoch_iter=1392
epoch_iter=1408
epoch_iter=1424
epoch_iter=1440
epoch_iter=1456
epoch_iter=1472
epoch_iter=1488
epoch_iter=1504
epoch_iter=1520
epoch_iter=1536
epoch_iter=1552
epoch_iter=1568
epoch_iter=1584
epoch_iter=1600
epoch_iter=1616
epoch_iter=1632
epoch_iter=1648
epoch_iter=1664
epoch_iter=1680
epoch_iter=1696
epoch_iter=1712
epoch_iter=1728
epoch_iter=1744
epoch_iter=1760
epoch_iter=1776
epoch_iter=1792
epoch_iter=1808
epoch_iter=1824
epoch_iter=1840
epoch_iter=1856
epoch_iter=1872
epoch_iter=1888
epoch_iter=1904
epoch_iter=1920
epoch_iter=1936
epoch_iter=1952
epoch_iter=1968
epoch_iter=1984
epoch_iter=2000
epoch_iter=2016
epoch_iter=2032
epoch_iter=2048
epoch_iter=2064
epoch_iter=2080
epoch_iter=2096
epoch_iter=2112
epoch_iter=2128
epoch_iter=2144
epoch_iter=2160
epoch_iter=2176
epoch_iter=2192
epoch_iter=2208
epoch_iter=2224
epoch_iter=2240
epoch_iter=2256
epoch_iter=2272
epoch_iter=2288
epoch_iter=2304
epoch_iter=2320
epoch_iter=2336
epoch_iter=2352
epoch_iter=2368
epoch_iter=2384
epoch_iter=2400
epoch_iter=2416
epoch_iter=2432
epoch_iter=2448
epoch_iter=2464
epoch_iter=2480
epoch_iter=2496
epoch_iter=2512
epoch_iter=2528
epoch_iter=2544
epoch_iter=2560
epoch_iter=2576
epoch_iter=2592
epoch_iter=2608
epoch_iter=2624
epoch_iter=2640
epoch_iter=2656
epoch_iter=2672
epoch_iter=2688
epoch_iter=2704
epoch_iter=2720
epoch_iter=2736
epoch_iter=2752
epoch_iter=2768
epoch_iter=2784
epoch_iter=2800
epoch_iter=2816
epoch_iter=2832
epoch_iter=2848
epoch_iter=2864
epoch_iter=2880
epoch_iter=2896
epoch_iter=2912
epoch_iter=2928
epoch_iter=2944
epoch_iter=2960
epoch_iter=2976
epoch_iter=2992
epoch_iter=3008
epoch_iter=3024
epoch_iter=3040
epoch_iter=3056
epoch_iter=3072
epoch_iter=3088
epoch_iter=3104
epoch_iter=3120
epoch_iter=3136
epoch_iter=3152
epoch_iter=3168
epoch_iter=3184
epoch_iter=3200
epoch_iter=3216
epoch_iter=3232
epoch_iter=3248
epoch_iter=3264
epoch_iter=3280
epoch_iter=3296
epoch_iter=3312
epoch_iter=3328
epoch_iter=3344
epoch_iter=3360
epoch_iter=3376
epoch_iter=3392
epoch_iter=3408
epoch_iter=3424
epoch_iter=3440
epoch_iter=3456
epoch_iter=3472
epoch_iter=3488
epoch_iter=3504
epoch_iter=3520
epoch_iter=3536
epoch_iter=3552
epoch_iter=3568
epoch_iter=3584
epoch_iter=3600
Epoch 0 finished at 2026_01_09_06_36_42
