train.py  --name  1class-resnet-horse_small-lr0007  --dataroot  dataset/  --classes  horse_small  --batch_size  16  --delr_freq  10  --lr  0.0007  --niter  20
==================== requires_grad Ture weight1
==================== requires_grad Ture bias1
==================== requires_grad Ture weight2
==================== requires_grad Ture bias2
==================== requires_grad Ture weight3
==================== requires_grad Ture bias3
==================== requires_grad Ture weight4
==================== requires_grad Ture bias4
==================== requires_grad Ture realconv1.weight
==================== requires_grad Ture imagconv1.weight
==================== requires_grad Ture realconv2.weight
==================== requires_grad Ture imagconv2.weight
==================== requires_grad Ture realconv3.weight
==================== requires_grad Ture imagconv3.weight
==================== requires_grad Ture realconv4.weight
==================== requires_grad Ture imagconv4.weight
==================== requires_grad Ture layer1.0.conv1.weight
==================== requires_grad Ture layer1.0.bn1.weight
==================== requires_grad Ture layer1.0.bn1.bias
==================== requires_grad Ture layer1.0.conv2.weight
==================== requires_grad Ture layer1.0.bn2.weight
==================== requires_grad Ture layer1.0.bn2.bias
==================== requires_grad Ture layer1.0.conv3.weight
==================== requires_grad Ture layer1.0.bn3.weight
==================== requires_grad Ture layer1.0.bn3.bias
==================== requires_grad Ture layer1.0.downsample.0.weight
==================== requires_grad Ture layer1.0.downsample.1.weight
==================== requires_grad Ture layer1.0.downsample.1.bias
==================== requires_grad Ture layer1.1.conv1.weight
==================== requires_grad Ture layer1.1.bn1.weight
==================== requires_grad Ture layer1.1.bn1.bias
==================== requires_grad Ture layer1.1.conv2.weight
==================== requires_grad Ture layer1.1.bn2.weight
==================== requires_grad Ture layer1.1.bn2.bias
==================== requires_grad Ture layer1.1.conv3.weight
==================== requires_grad Ture layer1.1.bn3.weight
==================== requires_grad Ture layer1.1.bn3.bias
==================== requires_grad Ture layer1.2.conv1.weight
==================== requires_grad Ture layer1.2.bn1.weight
==================== requires_grad Ture layer1.2.bn1.bias
==================== requires_grad Ture layer1.2.conv2.weight
==================== requires_grad Ture layer1.2.bn2.weight
==================== requires_grad Ture layer1.2.bn2.bias
==================== requires_grad Ture layer1.2.conv3.weight
==================== requires_grad Ture layer1.2.bn3.weight
==================== requires_grad Ture layer1.2.bn3.bias
==================== requires_grad Ture layer2.0.conv1.weight
==================== requires_grad Ture layer2.0.bn1.weight
==================== requires_grad Ture layer2.0.bn1.bias
==================== requires_grad Ture layer2.0.conv2.weight
==================== requires_grad Ture layer2.0.bn2.weight
==================== requires_grad Ture layer2.0.bn2.bias
==================== requires_grad Ture layer2.0.conv3.weight
==================== requires_grad Ture layer2.0.bn3.weight
==================== requires_grad Ture layer2.0.bn3.bias
==================== requires_grad Ture layer2.0.downsample.0.weight
==================== requires_grad Ture layer2.0.downsample.1.weight
==================== requires_grad Ture layer2.0.downsample.1.bias
==================== requires_grad Ture layer2.1.conv1.weight
==================== requires_grad Ture layer2.1.bn1.weight
==================== requires_grad Ture layer2.1.bn1.bias
==================== requires_grad Ture layer2.1.conv2.weight
==================== requires_grad Ture layer2.1.bn2.weight
==================== requires_grad Ture layer2.1.bn2.bias
==================== requires_grad Ture layer2.1.conv3.weight
==================== requires_grad Ture layer2.1.bn3.weight
==================== requires_grad Ture layer2.1.bn3.bias
==================== requires_grad Ture layer2.2.conv1.weight
==================== requires_grad Ture layer2.2.bn1.weight
==================== requires_grad Ture layer2.2.bn1.bias
==================== requires_grad Ture layer2.2.conv2.weight
==================== requires_grad Ture layer2.2.bn2.weight
==================== requires_grad Ture layer2.2.bn2.bias
==================== requires_grad Ture layer2.2.conv3.weight
==================== requires_grad Ture layer2.2.bn3.weight
==================== requires_grad Ture layer2.2.bn3.bias
==================== requires_grad Ture layer2.3.conv1.weight
==================== requires_grad Ture layer2.3.bn1.weight
==================== requires_grad Ture layer2.3.bn1.bias
==================== requires_grad Ture layer2.3.conv2.weight
==================== requires_grad Ture layer2.3.bn2.weight
==================== requires_grad Ture layer2.3.bn2.bias
==================== requires_grad Ture layer2.3.conv3.weight
==================== requires_grad Ture layer2.3.bn3.weight
==================== requires_grad Ture layer2.3.bn3.bias
==================== requires_grad Ture fc1.weight
==================== requires_grad Ture fc1.bias

cwd: /mnt/c/Users/ramy_/College/Computer_Vision-CS7GV1/Project/FreqNet-DeepfakeDetection
Epoch 0 started at 2026_01_09_08_47_12
True 0 NVIDIA GeForce RTX 5070 Laptop GPU
Epoch 0 finished at 2026_01_09_08_48_42
(Val @ epoch 0) acc: 0.535; ap: 0.5290188445546353
Saving model ./checkpoints/1class-resnet-horse_small-lr00072026_01_09_08_47_12/model_epoch_0.pth
Epoch 1 started at 2026_01_09_08_48_46
True 0 NVIDIA GeForce RTX 5070 Laptop GPU
2026_01_09_08_49_55 Train loss: 0.683749258518219 at step: 400 lr 0.0007
Epoch 1 finished at 2026_01_09_08_50_15
(Val @ epoch 1) acc: 0.505; ap: 0.512454987028336
Saving model ./checkpoints/1class-resnet-horse_small-lr00072026_01_09_08_47_12/model_epoch_1.pth
Epoch 2 started at 2026_01_09_08_50_19
True 0 NVIDIA GeForce RTX 5070 Laptop GPU
Epoch 2 finished at 2026_01_09_08_51_48
(Val @ epoch 2) acc: 0.5; ap: 0.5148913973078667
Saving model ./checkpoints/1class-resnet-horse_small-lr00072026_01_09_08_47_12/model_epoch_2.pth
Epoch 3 started at 2026_01_09_08_51_53
True 0 NVIDIA GeForce RTX 5070 Laptop GPU
2026_01_09_08_52_42 Train loss: 0.6861173510551453 at step: 800 lr 0.0007
Epoch 3 finished at 2026_01_09_08_53_22
(Val @ epoch 3) acc: 0.4925; ap: 0.5018427450742787
Saving model ./checkpoints/1class-resnet-horse_small-lr00072026_01_09_08_47_12/model_epoch_3.pth
Epoch 4 started at 2026_01_09_08_53_26
True 0 NVIDIA GeForce RTX 5070 Laptop GPU
Epoch 4 finished at 2026_01_09_08_54_55
(Val @ epoch 4) acc: 0.4975; ap: 0.5052215814983181
Saving model ./checkpoints/1class-resnet-horse_small-lr00072026_01_09_08_47_12/model_epoch_4.pth
Epoch 5 started at 2026_01_09_08_54_59
True 0 NVIDIA GeForce RTX 5070 Laptop GPU
2026_01_09_08_55_29 Train loss: 0.7182884812355042 at step: 1200 lr 0.0007
Epoch 5 finished at 2026_01_09_08_56_28
(Val @ epoch 5) acc: 0.5075; ap: 0.4988408143140709
Saving model ./checkpoints/1class-resnet-horse_small-lr00072026_01_09_08_47_12/model_epoch_5.pth
Epoch 6 started at 2026_01_09_08_56_32
True 0 NVIDIA GeForce RTX 5070 Laptop GPU
Epoch 6 finished at 2026_01_09_08_58_01
(Val @ epoch 6) acc: 0.505; ap: 0.5131755126370525
Saving model ./checkpoints/1class-resnet-horse_small-lr00072026_01_09_08_47_12/model_epoch_6.pth
Epoch 7 started at 2026_01_09_08_58_06
True 0 NVIDIA GeForce RTX 5070 Laptop GPU
2026_01_09_08_58_15 Train loss: 0.7263755798339844 at step: 1600 lr 0.0007
Epoch 7 finished at 2026_01_09_08_59_35
(Val @ epoch 7) acc: 0.495; ap: 0.5249450002061445
Saving model ./checkpoints/1class-resnet-horse_small-lr00072026_01_09_08_47_12/model_epoch_7.pth
Epoch 8 started at 2026_01_09_08_59_39
True 0 NVIDIA GeForce RTX 5070 Laptop GPU
2026_01_09_09_00_58 Train loss: 0.676845908164978 at step: 2000 lr 0.0007
Epoch 8 finished at 2026_01_09_09_01_08
(Val @ epoch 8) acc: 0.5025; ap: 0.5183785723566914
Saving model ./checkpoints/1class-resnet-horse_small-lr00072026_01_09_08_47_12/model_epoch_8.pth
Epoch 9 started at 2026_01_09_09_01_12
True 0 NVIDIA GeForce RTX 5070 Laptop GPU
Epoch 9 finished at 2026_01_09_09_02_41
(Val @ epoch 9) acc: 0.53; ap: 0.5168179389586727
Saving model ./checkpoints/1class-resnet-horse_small-lr00072026_01_09_08_47_12/model_epoch_9.pth
Epoch 10 started at 2026_01_09_09_02_46
True 0 NVIDIA GeForce RTX 5070 Laptop GPU
2026_01_09_09_03_45 Train loss: 0.6953790783882141 at step: 2400 lr 0.0007
2026_01_09_09_04_15 changing lr at the end of epoch 10, iters 2475
*************************
Changing lr from 0.0007 to 0.0005600000000000001
*************************
Epoch 10 finished at 2026_01_09_09_04_15
(Val @ epoch 10) acc: 0.505; ap: 0.5099390330200111
Saving model ./checkpoints/1class-resnet-horse_small-lr00072026_01_09_08_47_12/model_epoch_10.pth
Epoch 11 started at 2026_01_09_09_04_19
True 0 NVIDIA GeForce RTX 5070 Laptop GPU
Epoch 11 finished at 2026_01_09_09_05_48
(Val @ epoch 11) acc: 0.515; ap: 0.5079776486016694
Saving model ./checkpoints/1class-resnet-horse_small-lr00072026_01_09_08_47_12/model_epoch_11.pth
Epoch 12 started at 2026_01_09_09_05_52
True 0 NVIDIA GeForce RTX 5070 Laptop GPU
2026_01_09_09_06_32 Train loss: 0.70722496509552 at step: 2800 lr 0.0005600000000000001
Epoch 12 finished at 2026_01_09_09_07_21
(Val @ epoch 12) acc: 0.505; ap: 0.5359142006822954
Saving model ./checkpoints/1class-resnet-horse_small-lr00072026_01_09_08_47_12/model_epoch_12.pth
Epoch 13 started at 2026_01_09_09_07_25
True 0 NVIDIA GeForce RTX 5070 Laptop GPU
Epoch 13 finished at 2026_01_09_09_08_54
(Val @ epoch 13) acc: 0.515; ap: 0.518248047312382
Saving model ./checkpoints/1class-resnet-horse_small-lr00072026_01_09_08_47_12/model_epoch_13.pth
Epoch 14 started at 2026_01_09_09_08_59
True 0 NVIDIA GeForce RTX 5070 Laptop GPU
2026_01_09_09_09_18 Train loss: 0.7501693367958069 at step: 3200 lr 0.0005600000000000001
Epoch 14 finished at 2026_01_09_09_10_28
(Val @ epoch 14) acc: 0.52; ap: 0.5193145161884005
Saving model ./checkpoints/1class-resnet-horse_small-lr00072026_01_09_08_47_12/model_epoch_14.pth
Epoch 15 started at 2026_01_09_09_10_32
True 0 NVIDIA GeForce RTX 5070 Laptop GPU
2026_01_09_09_12_01 Train loss: 0.6774501800537109 at step: 3600 lr 0.0005600000000000001
Epoch 15 finished at 2026_01_09_09_12_01
(Val @ epoch 15) acc: 0.53; ap: 0.5127852768603347
Saving model ./checkpoints/1class-resnet-horse_small-lr00072026_01_09_08_47_12/model_epoch_15.pth
Epoch 16 started at 2026_01_09_09_12_05
True 0 NVIDIA GeForce RTX 5070 Laptop GPU
Epoch 16 finished at 2026_01_09_09_13_34
(Val @ epoch 16) acc: 0.4975; ap: 0.5580569714718833
Saving model ./checkpoints/1class-resnet-horse_small-lr00072026_01_09_08_47_12/model_epoch_16.pth
Epoch 17 started at 2026_01_09_09_13_39
True 0 NVIDIA GeForce RTX 5070 Laptop GPU
2026_01_09_09_14_48 Train loss: 0.4434467554092407 at step: 4000 lr 0.0005600000000000001
Epoch 17 finished at 2026_01_09_09_15_08
(Val @ epoch 17) acc: 0.7775; ap: 0.9317908992179077
Saving model ./checkpoints/1class-resnet-horse_small-lr00072026_01_09_08_47_12/model_epoch_17.pth
Epoch 18 started at 2026_01_09_09_15_12
True 0 NVIDIA GeForce RTX 5070 Laptop GPU
Epoch 18 finished at 2026_01_09_09_16_41
(Val @ epoch 18) acc: 0.86; ap: 0.9662783340940391
Saving model ./checkpoints/1class-resnet-horse_small-lr00072026_01_09_08_47_12/model_epoch_18.pth
Epoch 19 started at 2026_01_09_09_16_45
True 0 NVIDIA GeForce RTX 5070 Laptop GPU
2026_01_09_09_17_35 Train loss: 0.313143789768219 at step: 4400 lr 0.0005600000000000001
Epoch 19 finished at 2026_01_09_09_18_14
(Val @ epoch 19) acc: 0.8275; ap: 0.9403003482918539
Saving model ./checkpoints/1class-resnet-horse_small-lr00072026_01_09_08_47_12/model_epoch_19.pth
Saving model ./checkpoints/1class-resnet-horse_small-lr00072026_01_09_08_47_12/model_epoch_last.pth
