train.py  --name  1class-resnet-horse_small-lr002  --dataroot  dataset/  --classes  horse_small  --batch_size  16  --delr_freq  10  --lr  0.002  --niter  20
==================== requires_grad Ture weight1
==================== requires_grad Ture bias1
==================== requires_grad Ture weight2
==================== requires_grad Ture bias2
==================== requires_grad Ture weight3
==================== requires_grad Ture bias3
==================== requires_grad Ture weight4
==================== requires_grad Ture bias4
==================== requires_grad Ture realconv1.weight
==================== requires_grad Ture imagconv1.weight
==================== requires_grad Ture realconv2.weight
==================== requires_grad Ture imagconv2.weight
==================== requires_grad Ture realconv3.weight
==================== requires_grad Ture imagconv3.weight
==================== requires_grad Ture realconv4.weight
==================== requires_grad Ture imagconv4.weight
==================== requires_grad Ture layer1.0.conv1.weight
==================== requires_grad Ture layer1.0.bn1.weight
==================== requires_grad Ture layer1.0.bn1.bias
==================== requires_grad Ture layer1.0.conv2.weight
==================== requires_grad Ture layer1.0.bn2.weight
==================== requires_grad Ture layer1.0.bn2.bias
==================== requires_grad Ture layer1.0.conv3.weight
==================== requires_grad Ture layer1.0.bn3.weight
==================== requires_grad Ture layer1.0.bn3.bias
==================== requires_grad Ture layer1.0.downsample.0.weight
==================== requires_grad Ture layer1.0.downsample.1.weight
==================== requires_grad Ture layer1.0.downsample.1.bias
==================== requires_grad Ture layer1.1.conv1.weight
==================== requires_grad Ture layer1.1.bn1.weight
==================== requires_grad Ture layer1.1.bn1.bias
==================== requires_grad Ture layer1.1.conv2.weight
==================== requires_grad Ture layer1.1.bn2.weight
==================== requires_grad Ture layer1.1.bn2.bias
==================== requires_grad Ture layer1.1.conv3.weight
==================== requires_grad Ture layer1.1.bn3.weight
==================== requires_grad Ture layer1.1.bn3.bias
==================== requires_grad Ture layer1.2.conv1.weight
==================== requires_grad Ture layer1.2.bn1.weight
==================== requires_grad Ture layer1.2.bn1.bias
==================== requires_grad Ture layer1.2.conv2.weight
==================== requires_grad Ture layer1.2.bn2.weight
==================== requires_grad Ture layer1.2.bn2.bias
==================== requires_grad Ture layer1.2.conv3.weight
==================== requires_grad Ture layer1.2.bn3.weight
==================== requires_grad Ture layer1.2.bn3.bias
==================== requires_grad Ture layer2.0.conv1.weight
==================== requires_grad Ture layer2.0.bn1.weight
==================== requires_grad Ture layer2.0.bn1.bias
==================== requires_grad Ture layer2.0.conv2.weight
==================== requires_grad Ture layer2.0.bn2.weight
==================== requires_grad Ture layer2.0.bn2.bias
==================== requires_grad Ture layer2.0.conv3.weight
==================== requires_grad Ture layer2.0.bn3.weight
==================== requires_grad Ture layer2.0.bn3.bias
==================== requires_grad Ture layer2.0.downsample.0.weight
==================== requires_grad Ture layer2.0.downsample.1.weight
==================== requires_grad Ture layer2.0.downsample.1.bias
==================== requires_grad Ture layer2.1.conv1.weight
==================== requires_grad Ture layer2.1.bn1.weight
==================== requires_grad Ture layer2.1.bn1.bias
==================== requires_grad Ture layer2.1.conv2.weight
==================== requires_grad Ture layer2.1.bn2.weight
==================== requires_grad Ture layer2.1.bn2.bias
==================== requires_grad Ture layer2.1.conv3.weight
==================== requires_grad Ture layer2.1.bn3.weight
==================== requires_grad Ture layer2.1.bn3.bias
==================== requires_grad Ture layer2.2.conv1.weight
==================== requires_grad Ture layer2.2.bn1.weight
==================== requires_grad Ture layer2.2.bn1.bias
==================== requires_grad Ture layer2.2.conv2.weight
==================== requires_grad Ture layer2.2.bn2.weight
==================== requires_grad Ture layer2.2.bn2.bias
==================== requires_grad Ture layer2.2.conv3.weight
==================== requires_grad Ture layer2.2.bn3.weight
==================== requires_grad Ture layer2.2.bn3.bias
==================== requires_grad Ture layer2.3.conv1.weight
==================== requires_grad Ture layer2.3.bn1.weight
==================== requires_grad Ture layer2.3.bn1.bias
==================== requires_grad Ture layer2.3.conv2.weight
==================== requires_grad Ture layer2.3.bn2.weight
==================== requires_grad Ture layer2.3.bn2.bias
==================== requires_grad Ture layer2.3.conv3.weight
==================== requires_grad Ture layer2.3.bn3.weight
==================== requires_grad Ture layer2.3.bn3.bias
==================== requires_grad Ture fc1.weight
==================== requires_grad Ture fc1.bias

cwd: /mnt/c/Users/ramy_/College/Computer_Vision-CS7GV1/Project/FreqNet-DeepfakeDetection
Epoch 0 started at 2026_01_09_08_16_03
True 0 NVIDIA GeForce RTX 5070 Laptop GPU
Epoch 0 finished at 2026_01_09_08_17_33
(Val @ epoch 0) acc: 0.5; ap: 0.5096503493258568
Saving model ./checkpoints/1class-resnet-horse_small-lr0022026_01_09_08_16_03/model_epoch_0.pth
Epoch 1 started at 2026_01_09_08_17_37
True 0 NVIDIA GeForce RTX 5070 Laptop GPU
2026_01_09_08_18_46 Train loss: 0.6561965346336365 at step: 400 lr 0.002
Epoch 1 finished at 2026_01_09_08_19_06
(Val @ epoch 1) acc: 0.5225; ap: 0.49495475199868866
Saving model ./checkpoints/1class-resnet-horse_small-lr0022026_01_09_08_16_03/model_epoch_1.pth
Epoch 2 started at 2026_01_09_08_19_10
True 0 NVIDIA GeForce RTX 5070 Laptop GPU
Epoch 2 finished at 2026_01_09_08_20_39
(Val @ epoch 2) acc: 0.5; ap: 0.4743516902570233
Saving model ./checkpoints/1class-resnet-horse_small-lr0022026_01_09_08_16_03/model_epoch_2.pth
Epoch 3 started at 2026_01_09_08_20_44
True 0 NVIDIA GeForce RTX 5070 Laptop GPU
2026_01_09_08_21_33 Train loss: 0.6931147575378418 at step: 800 lr 0.002
Epoch 3 finished at 2026_01_09_08_22_13
(Val @ epoch 3) acc: 0.5; ap: 0.5218181105041915
Saving model ./checkpoints/1class-resnet-horse_small-lr0022026_01_09_08_16_03/model_epoch_3.pth
Epoch 4 started at 2026_01_09_08_22_17
True 0 NVIDIA GeForce RTX 5070 Laptop GPU
Epoch 4 finished at 2026_01_09_08_23_46
(Val @ epoch 4) acc: 0.5; ap: 0.49105222574114493
Saving model ./checkpoints/1class-resnet-horse_small-lr0022026_01_09_08_16_03/model_epoch_4.pth
Epoch 5 started at 2026_01_09_08_23_50
True 0 NVIDIA GeForce RTX 5070 Laptop GPU
2026_01_09_08_24_20 Train loss: 0.6846601963043213 at step: 1200 lr 0.002
Epoch 5 finished at 2026_01_09_08_25_19
(Val @ epoch 5) acc: 0.5; ap: 0.5088884712133255
Saving model ./checkpoints/1class-resnet-horse_small-lr0022026_01_09_08_16_03/model_epoch_5.pth
Epoch 6 started at 2026_01_09_08_25_23
True 0 NVIDIA GeForce RTX 5070 Laptop GPU
Epoch 6 finished at 2026_01_09_08_26_52
(Val @ epoch 6) acc: 0.4975; ap: 0.5188336954075838
Saving model ./checkpoints/1class-resnet-horse_small-lr0022026_01_09_08_16_03/model_epoch_6.pth
Epoch 7 started at 2026_01_09_08_26_57
True 0 NVIDIA GeForce RTX 5070 Laptop GPU
2026_01_09_08_27_06 Train loss: 0.6804071664810181 at step: 1600 lr 0.002
Epoch 7 finished at 2026_01_09_08_28_25
(Val @ epoch 7) acc: 0.505; ap: 0.5141685997444532
Saving model ./checkpoints/1class-resnet-horse_small-lr0022026_01_09_08_16_03/model_epoch_7.pth
Epoch 8 started at 2026_01_09_08_28_30
True 0 NVIDIA GeForce RTX 5070 Laptop GPU
2026_01_09_08_29_49 Train loss: 0.6850863099098206 at step: 2000 lr 0.002
Epoch 8 finished at 2026_01_09_08_29_59
(Val @ epoch 8) acc: 0.5075; ap: 0.5463853902746164
Saving model ./checkpoints/1class-resnet-horse_small-lr0022026_01_09_08_16_03/model_epoch_8.pth
Epoch 9 started at 2026_01_09_08_30_03
True 0 NVIDIA GeForce RTX 5070 Laptop GPU
Epoch 9 finished at 2026_01_09_08_31_32
(Val @ epoch 9) acc: 0.5; ap: 0.5188008021810783
Saving model ./checkpoints/1class-resnet-horse_small-lr0022026_01_09_08_16_03/model_epoch_9.pth
Epoch 10 started at 2026_01_09_08_31_36
True 0 NVIDIA GeForce RTX 5070 Laptop GPU
2026_01_09_08_32_35 Train loss: 0.6983993649482727 at step: 2400 lr 0.002
2026_01_09_08_33_05 changing lr at the end of epoch 10, iters 2475
*************************
Changing lr from 0.002 to 0.0016
*************************
Epoch 10 finished at 2026_01_09_08_33_05
(Val @ epoch 10) acc: 0.4925; ap: 0.5015037613361046
Saving model ./checkpoints/1class-resnet-horse_small-lr0022026_01_09_08_16_03/model_epoch_10.pth
Epoch 11 started at 2026_01_09_08_33_10
True 0 NVIDIA GeForce RTX 5070 Laptop GPU
Epoch 11 finished at 2026_01_09_08_34_38
(Val @ epoch 11) acc: 0.5025; ap: 0.46948905515505757
Saving model ./checkpoints/1class-resnet-horse_small-lr0022026_01_09_08_16_03/model_epoch_11.pth
Epoch 12 started at 2026_01_09_08_34_43
True 0 NVIDIA GeForce RTX 5070 Laptop GPU
2026_01_09_08_35_22 Train loss: 0.6960001587867737 at step: 2800 lr 0.0016
Epoch 12 finished at 2026_01_09_08_36_12
(Val @ epoch 12) acc: 0.5; ap: 0.5188280865321983
Saving model ./checkpoints/1class-resnet-horse_small-lr0022026_01_09_08_16_03/model_epoch_12.pth
Epoch 13 started at 2026_01_09_08_36_16
True 0 NVIDIA GeForce RTX 5070 Laptop GPU
Epoch 13 finished at 2026_01_09_08_37_45
(Val @ epoch 13) acc: 0.5125; ap: 0.4944179100912152
Saving model ./checkpoints/1class-resnet-horse_small-lr0022026_01_09_08_16_03/model_epoch_13.pth
Epoch 14 started at 2026_01_09_08_37_49
True 0 NVIDIA GeForce RTX 5070 Laptop GPU
2026_01_09_08_38_09 Train loss: 0.6940499544143677 at step: 3200 lr 0.0016
Epoch 14 finished at 2026_01_09_08_39_18
(Val @ epoch 14) acc: 0.5; ap: 0.5245761043018469
Saving model ./checkpoints/1class-resnet-horse_small-lr0022026_01_09_08_16_03/model_epoch_14.pth
Epoch 15 started at 2026_01_09_08_39_23
True 0 NVIDIA GeForce RTX 5070 Laptop GPU
2026_01_09_08_40_51 Train loss: 0.6886061429977417 at step: 3600 lr 0.0016
Epoch 15 finished at 2026_01_09_08_40_52
(Val @ epoch 15) acc: 0.4875; ap: 0.5321172219582613
Saving model ./checkpoints/1class-resnet-horse_small-lr0022026_01_09_08_16_03/model_epoch_15.pth
Epoch 16 started at 2026_01_09_08_40_56
True 0 NVIDIA GeForce RTX 5070 Laptop GPU
Epoch 16 finished at 2026_01_09_08_42_25
(Val @ epoch 16) acc: 0.4725; ap: 0.4816024916331387
Saving model ./checkpoints/1class-resnet-horse_small-lr0022026_01_09_08_16_03/model_epoch_16.pth
Epoch 17 started at 2026_01_09_08_42_29
True 0 NVIDIA GeForce RTX 5070 Laptop GPU
2026_01_09_08_43_38 Train loss: 0.6902090311050415 at step: 4000 lr 0.0016
Epoch 17 finished at 2026_01_09_08_43_58
(Val @ epoch 17) acc: 0.5; ap: 0.5229666797853574
Saving model ./checkpoints/1class-resnet-horse_small-lr0022026_01_09_08_16_03/model_epoch_17.pth
Epoch 18 started at 2026_01_09_08_44_03
True 0 NVIDIA GeForce RTX 5070 Laptop GPU
Epoch 18 finished at 2026_01_09_08_45_31
(Val @ epoch 18) acc: 0.4775; ap: 0.5197991310590149
Saving model ./checkpoints/1class-resnet-horse_small-lr0022026_01_09_08_16_03/model_epoch_18.pth
Epoch 19 started at 2026_01_09_08_45_36
True 0 NVIDIA GeForce RTX 5070 Laptop GPU
2026_01_09_08_46_25 Train loss: 0.6936770677566528 at step: 4400 lr 0.0016
Epoch 19 finished at 2026_01_09_08_47_05
(Val @ epoch 19) acc: 0.5125; ap: 0.4855965702175317
Saving model ./checkpoints/1class-resnet-horse_small-lr0022026_01_09_08_16_03/model_epoch_19.pth
Saving model ./checkpoints/1class-resnet-horse_small-lr0022026_01_09_08_16_03/model_epoch_last.pth
